This file contains any messages produced by compilers while
running configure, to aid debugging if configure makes a mistake.

It was created by configure, which was
generated by GNU Autoconf 2.57.  Invocation command line was

  $ ./configure 

## --------- ##
## Platform. ##
## --------- ##

hostname = localhost.localdomain
uname -m = i686
uname -r = 2.4.20-8smp
uname -s = Linux
uname -v = #1 SMP Thu Mar 13 17:45:54 EST 2003

/usr/bin/uname -p = unknown
/bin/uname -X     = unknown

/bin/arch              = i686
/usr/bin/arch -k       = unknown
/usr/convex/getsysinfo = unknown
hostinfo               = unknown
/bin/machine           = unknown
/usr/bin/oslevel       = unknown
/bin/universe          = unknown

PATH: /usr/kerberos/bin
PATH: /usr/local/bin
PATH: /usr/bin
PATH: /bin
PATH: /usr/X11R6/bin
PATH: /usr/java/j2sdk1.4.2/bin/
PATH: /home/skonno/bin
PATH: /usr/java/j2sdk1.4.2/bin/


## ----------- ##
## Core tests. ##
## ----------- ##

configure:1323: checking for a BSD-compatible install
configure:1377: result: /usr/bin/install -c
configure:1388: checking whether build environment is sane
configure:1431: result: yes
configure:1464: checking for gawk
configure:1480: found /usr/bin/gawk
configure:1490: result: gawk
configure:1500: checking whether make sets $(MAKE)
configure:1520: result: yes
configure:1722: checking for gcc
configure:1738: found /usr/bin/gcc
configure:1748: result: gcc
configure:1992: checking for C compiler version
configure:1995: gcc --version </dev/null >&5
gcc (GCC) 3.2.2 20030222 (Red Hat Linux 3.2.2-5)
Copyright (C) 2002 Free Software Foundation, Inc.
This is free software; see the source for copying conditions.  There is NO
warranty; not even for MERCHANTABILITY or FITNESS FOR A PARTICULAR PURPOSE.

configure:1998: $? = 0
configure:2000: gcc -v </dev/null >&5
Reading specs from /usr/lib/gcc-lib/i386-redhat-linux/3.2.2/specs
Configured with: ../configure --prefix=/usr --mandir=/usr/share/man --infodir=/usr/share/info --enable-shared --enable-threads=posix --disable-checking --with-system-zlib --enable-__cxa_atexit --host=i386-redhat-linux
Thread model: posix
gcc version 3.2.2 20030222 (Red Hat Linux 3.2.2-5)
configure:2003: $? = 0
configure:2005: gcc -V </dev/null >&5
gcc: argument to `-V' is missing
configure:2008: $? = 1
configure:2032: checking for C compiler default output
configure:2035: gcc    conftest.c  >&5
configure:2038: $? = 0
configure:2084: result: a.out
configure:2089: checking whether the C compiler works
configure:2095: ./a.out
configure:2098: $? = 0
configure:2115: result: yes
configure:2122: checking whether we are cross compiling
configure:2124: result: no
configure:2127: checking for suffix of executables
configure:2129: gcc -o conftest    conftest.c  >&5
configure:2132: $? = 0
configure:2157: result: 
configure:2163: checking for suffix of object files
configure:2185: gcc -c   conftest.c >&5
configure:2188: $? = 0
configure:2210: result: o
configure:2214: checking whether we are using the GNU C compiler
configure:2239: gcc -c   conftest.c >&5
configure:2242: $? = 0
configure:2245: test -s conftest.o
configure:2248: $? = 0
configure:2261: result: yes
configure:2267: checking whether gcc accepts -g
configure:2289: gcc -c -g  conftest.c >&5
configure:2292: $? = 0
configure:2295: test -s conftest.o
configure:2298: $? = 0
configure:2309: result: yes
configure:2326: checking for gcc option to accept ANSI C
configure:2387: gcc  -c -g -O2  conftest.c >&5
configure:2390: $? = 0
configure:2393: test -s conftest.o
configure:2396: $? = 0
configure:2414: result: none needed
configure:2432: gcc -c -g -O2  conftest.c >&5
conftest.c:2: parse error before "me"
configure:2435: $? = 1
configure: failed program was:
| #ifndef __cplusplus
|   choke me
| #endif
configure:2563: checking for style of include used by make
configure:2591: result: GNU
configure:2619: checking dependency style of gcc
configure:2681: result: gcc3
configure:2738: checking for g++
configure:2754: found /usr/bin/g++
configure:2764: result: g++
configure:2780: checking for C++ compiler version
configure:2783: g++ --version </dev/null >&5
g++ (GCC) 3.2.2 20030222 (Red Hat Linux 3.2.2-5)
Copyright (C) 2002 Free Software Foundation, Inc.
This is free software; see the source for copying conditions.  There is NO
warranty; not even for MERCHANTABILITY or FITNESS FOR A PARTICULAR PURPOSE.

configure:2786: $? = 0
configure:2788: g++ -v </dev/null >&5
Reading specs from /usr/lib/gcc-lib/i386-redhat-linux/3.2.2/specs
Configured with: ../configure --prefix=/usr --mandir=/usr/share/man --infodir=/usr/share/info --enable-shared --enable-threads=posix --disable-checking --with-system-zlib --enable-__cxa_atexit --host=i386-redhat-linux
Thread model: posix
gcc version 3.2.2 20030222 (Red Hat Linux 3.2.2-5)
configure:2791: $? = 0
configure:2793: g++ -V </dev/null >&5
g++: argument to `-V' missing

configure:2796: $? = 1
configure:2799: checking whether we are using the GNU C++ compiler
configure:2824: g++ -c   conftest.cc >&5
configure:2827: $? = 0
configure:2830: test -s conftest.o
configure:2833: $? = 0
configure:2846: result: yes
configure:2852: checking whether g++ accepts -g
configure:2874: g++ -c -g  conftest.cc >&5
configure:2877: $? = 0
configure:2880: test -s conftest.o
configure:2883: $? = 0
configure:2894: result: yes
configure:2938: g++ -c -g -O2  conftest.cc >&5
configure:2941: $? = 0
configure:2944: test -s conftest.o
configure:2947: $? = 0
configure:2974: g++ -c -g -O2  conftest.cc >&5
configure: In function `int main()':
configure:2971: `exit' undeclared (first use this function)
configure:2971: (Each undeclared identifier is reported only once for each 
   function it appears in.)
configure:2977: $? = 1
configure: failed program was:
| #line 2957 "configure"
| /* confdefs.h.  */
| 
| #define PACKAGE_NAME ""
| #define PACKAGE_TARNAME ""
| #define PACKAGE_VERSION ""
| #define PACKAGE_STRING ""
| #define PACKAGE_BUGREPORT ""
| #define PACKAGE "cx3d"
| #define VERSION "1.0"
| /* end confdefs.h.  */
| 
| int
| main ()
| {
| exit (42);
|   ;
|   return 0;
| }
configure:2938: g++ -c -g -O2  conftest.cc >&5
configure:2941: $? = 0
configure:2944: test -s conftest.o
configure:2947: $? = 0
configure:2974: g++ -c -g -O2  conftest.cc >&5
configure:2977: $? = 0
configure:2980: test -s conftest.o
configure:2983: $? = 0
configure:3008: checking dependency style of g++
configure:3070: result: gcc3
configure:3116: checking for ranlib
configure:3132: found /usr/bin/ranlib
configure:3143: result: ranlib
configure:3163: checking how to run the C preprocessor
configure:3199: gcc -E  conftest.c
configure:3205: $? = 0
configure:3237: gcc -E  conftest.c
configure:3241:28: ac_nonexistent.h: No such file or directory
configure:3243: $? = 1
configure: failed program was:
| #line 3228 "configure"
| /* confdefs.h.  */
| 
| #define PACKAGE_NAME ""
| #define PACKAGE_TARNAME ""
| #define PACKAGE_VERSION ""
| #define PACKAGE_STRING ""
| #define PACKAGE_BUGREPORT ""
| #define PACKAGE "cx3d"
| #define VERSION "1.0"
| #ifdef __cplusplus
| #include <stdlib.h>
| #endif
| /* end confdefs.h.  */
| #include <ac_nonexistent.h>
configure:3281: result: gcc -E
configure:3306: gcc -E  conftest.c
configure:3312: $? = 0
configure:3344: gcc -E  conftest.c
configure:3348:28: ac_nonexistent.h: No such file or directory
configure:3350: $? = 1
configure: failed program was:
| #line 3335 "configure"
| /* confdefs.h.  */
| 
| #define PACKAGE_NAME ""
| #define PACKAGE_TARNAME ""
| #define PACKAGE_VERSION ""
| #define PACKAGE_STRING ""
| #define PACKAGE_BUGREPORT ""
| #define PACKAGE "cx3d"
| #define VERSION "1.0"
| #ifdef __cplusplus
| #include <stdlib.h>
| #endif
| /* end confdefs.h.  */
| #include <ac_nonexistent.h>
configure:3393: checking for egrep
configure:3403: result: grep -E
configure:3408: checking for ANSI C header files
configure:3434: gcc -c -g -O2  conftest.c >&5
configure:3437: $? = 0
configure:3440: test -s conftest.o
configure:3443: $? = 0
configure:3532: gcc -o conftest -g -O2   conftest.c  >&5
configure:3535: $? = 0
configure:3537: ./conftest
configure:3540: $? = 0
configure:3555: result: yes
configure:3579: checking for sys/types.h
configure:3596: gcc -c -g -O2  conftest.c >&5
configure:3599: $? = 0
configure:3602: test -s conftest.o
configure:3605: $? = 0
configure:3616: result: yes
configure:3579: checking for sys/stat.h
configure:3596: gcc -c -g -O2  conftest.c >&5
configure:3599: $? = 0
configure:3602: test -s conftest.o
configure:3605: $? = 0
configure:3616: result: yes
configure:3579: checking for stdlib.h
configure:3596: gcc -c -g -O2  conftest.c >&5
configure:3599: $? = 0
configure:3602: test -s conftest.o
configure:3605: $? = 0
configure:3616: result: yes
configure:3579: checking for string.h
configure:3596: gcc -c -g -O2  conftest.c >&5
configure:3599: $? = 0
configure:3602: test -s conftest.o
configure:3605: $? = 0
configure:3616: result: yes
configure:3579: checking for memory.h
configure:3596: gcc -c -g -O2  conftest.c >&5
configure:3599: $? = 0
configure:3602: test -s conftest.o
configure:3605: $? = 0
configure:3616: result: yes
configure:3579: checking for strings.h
configure:3596: gcc -c -g -O2  conftest.c >&5
configure:3599: $? = 0
configure:3602: test -s conftest.o
configure:3605: $? = 0
configure:3616: result: yes
configure:3579: checking for inttypes.h
configure:3596: gcc -c -g -O2  conftest.c >&5
configure:3599: $? = 0
configure:3602: test -s conftest.o
configure:3605: $? = 0
configure:3616: result: yes
configure:3579: checking for stdint.h
configure:3596: gcc -c -g -O2  conftest.c >&5
configure:3599: $? = 0
configure:3602: test -s conftest.o
configure:3605: $? = 0
configure:3616: result: yes
configure:3579: checking for unistd.h
configure:3596: gcc -c -g -O2  conftest.c >&5
configure:3599: $? = 0
configure:3602: test -s conftest.o
configure:3605: $? = 0
configure:3616: result: yes
configure:3642: checking xercesc/util/XercesVersion.hpp usability
configure:3655: gcc -c -g -O2  conftest.c >&5
configure:3658: $? = 0
configure:3661: test -s conftest.o
configure:3664: $? = 0
configure:3674: result: yes
configure:3678: checking xercesc/util/XercesVersion.hpp presence
configure:3689: gcc -E  conftest.c
configure:3695: $? = 0
configure:3714: result: yes
configure:3750: checking for xercesc/util/XercesVersion.hpp
configure:3757: result: yes
configure:3778: checking for main in -lxerces-c
configure:3803: gcc -o conftest -g -O2   conftest.c -lxerces-c   >&5
configure:3806: $? = 0
configure:3809: test -s conftest
configure:3812: $? = 0
configure:3824: result: yes
configure:3847: checking GL/gl.h usability
configure:3860: gcc -c -g -O2  conftest.c >&5
configure:3863: $? = 0
configure:3866: test -s conftest.o
configure:3869: $? = 0
configure:3879: result: yes
configure:3883: checking GL/gl.h presence
configure:3894: gcc -E  conftest.c
configure:3900: $? = 0
configure:3919: result: yes
configure:3955: checking for GL/gl.h
configure:3962: result: yes
configure:3976: checking for glEnable in -lGL
configure:4007: gcc -o conftest -g -O2   conftest.c -lGL  -lxerces-c  >&5
configure:4010: $? = 0
configure:4013: test -s conftest
configure:4016: $? = 0
configure:4028: result: yes
configure:4040: checking for gluLookAt in -lGLU
configure:4071: gcc -o conftest -g -O2   conftest.c -lGLU  -lGL -lxerces-c  >&5
configure:4074: $? = 0
configure:4077: test -s conftest
configure:4080: $? = 0
configure:4092: result: yes
configure:4113: checking GL/glut.h usability
configure:4126: gcc -c -g -O2  conftest.c >&5
configure:4129: $? = 0
configure:4132: test -s conftest.o
configure:4135: $? = 0
configure:4145: result: yes
configure:4149: checking GL/glut.h presence
configure:4160: gcc -E  conftest.c
configure:4166: $? = 0
configure:4185: result: yes
configure:4221: checking for GL/glut.h
configure:4228: result: yes
configure:4245: checking for glutInit in -lglut
configure:4276: gcc -o conftest -g -O2   conftest.c -lglut  -lGLU -lGL -lxerces-c  >&5
/usr/lib/gcc-lib/i386-redhat-linux/3.2.2/../../../libglut.so: undefined reference to `XGetExtensionVersion'
/usr/lib/gcc-lib/i386-redhat-linux/3.2.2/../../../libglut.so: undefined reference to `XFreeDeviceList'
/usr/lib/gcc-lib/i386-redhat-linux/3.2.2/../../../libglut.so: undefined reference to `XQueryDeviceState'
/usr/lib/gcc-lib/i386-redhat-linux/3.2.2/../../../libglut.so: undefined reference to `XListInputDevices'
/usr/lib/gcc-lib/i386-redhat-linux/3.2.2/../../../libglut.so: undefined reference to `XFreeDeviceState'
/usr/lib/gcc-lib/i386-redhat-linux/3.2.2/../../../libglut.so: undefined reference to `XOpenDevice'
/usr/lib/gcc-lib/i386-redhat-linux/3.2.2/../../../libglut.so: undefined reference to `XmuLookupStandardColormap'
/usr/lib/gcc-lib/i386-redhat-linux/3.2.2/../../../libglut.so: undefined reference to `XSelectExtensionEvent'
collect2: ld returned 1 exit status
configure:4279: $? = 1
configure: failed program was:
| #line 4252 "configure"
| /* confdefs.h.  */
| 
| #define PACKAGE_NAME ""
| #define PACKAGE_TARNAME ""
| #define PACKAGE_VERSION ""
| #define PACKAGE_STRING ""
| #define PACKAGE_BUGREPORT ""
| #define PACKAGE "cx3d"
| #define VERSION "1.0"
| #ifdef __cplusplus
| #include <stdlib.h>
| #endif
| #define STDC_HEADERS 1
| #define HAVE_SYS_TYPES_H 1
| #define HAVE_SYS_STAT_H 1
| #define HAVE_STDLIB_H 1
| #define HAVE_STRING_H 1
| #define HAVE_MEMORY_H 1
| #define HAVE_STRINGS_H 1
| #define HAVE_INTTYPES_H 1
| #define HAVE_STDINT_H 1
| #define HAVE_UNISTD_H 1
| #define HAVE_XERCESC_UTIL_XERCESVERSION_HPP 1
| #define SUPPORT_X3D 1
| #define HAVE_LIBXERCES_C 1
| #define SUPPORT_OPENGL 1
| #define HAVE_LIBGL 1
| #define HAVE_LIBGLU 1
| #define SUPPORT_GLUT 1
| /* end confdefs.h.  */
| 
| /* Override any gcc2 internal prototype to avoid an error.  */
| #ifdef __cplusplus
| extern "C"
| #endif
| /* We use char because int might match the return type of a gcc2
|    builtin and then its argument prototype would still apply.  */
| char glutInit ();
| int
| main ()
| {
| glutInit ();
|   ;
|   return 0;
| }
configure:4297: result: no
configure:4323: checking OpenGL/gl.h usability
configure:4336: gcc -c -g -O2  conftest.c >&5
configure:4389:23: OpenGL/gl.h: No such file or directory
configure:4339: $? = 1
configure: failed program was:
| #line 4325 "configure"
| /* confdefs.h.  */
| 
| #define PACKAGE_NAME ""
| #define PACKAGE_TARNAME ""
| #define PACKAGE_VERSION ""
| #define PACKAGE_STRING ""
| #define PACKAGE_BUGREPORT ""
| #define PACKAGE "cx3d"
| #define VERSION "1.0"
| #ifdef __cplusplus
| #include <stdlib.h>
| #endif
| #define STDC_HEADERS 1
| #define HAVE_SYS_TYPES_H 1
| #define HAVE_SYS_STAT_H 1
| #define HAVE_STDLIB_H 1
| #define HAVE_STRING_H 1
| #define HAVE_MEMORY_H 1
| #define HAVE_STRINGS_H 1
| #define HAVE_INTTYPES_H 1
| #define HAVE_STDINT_H 1
| #define HAVE_UNISTD_H 1
| #define HAVE_XERCESC_UTIL_XERCESVERSION_HPP 1
| #define SUPPORT_X3D 1
| #define HAVE_LIBXERCES_C 1
| #define SUPPORT_OPENGL 1
| #define HAVE_LIBGL 1
| #define HAVE_LIBGLU 1
| #define SUPPORT_GLUT 1
| /* end confdefs.h.  */
| #include <stdio.h>
| #if HAVE_SYS_TYPES_H
| # include <sys/types.h>
| #endif
| #if HAVE_SYS_STAT_H
| # include <sys/stat.h>
| #endif
| #if STDC_HEADERS
| # include <stdlib.h>
| # include <stddef.h>
| #else
| # if HAVE_STDLIB_H
| #  include <stdlib.h>
| # endif
| #endif
| #if HAVE_STRING_H
| # if !STDC_HEADERS && HAVE_MEMORY_H
| #  include <memory.h>
| # endif
| # include <string.h>
| #endif
| #if HAVE_STRINGS_H
| # include <strings.h>
| #endif
| #if HAVE_INTTYPES_H
| # include <inttypes.h>
| #else
| # if HAVE_STDINT_H
| #  include <stdint.h>
| # endif
| #endif
| #if HAVE_UNISTD_H
| # include <unistd.h>
| #endif
| #include <OpenGL/gl.h>
configure:4355: result: no
configure:4359: checking OpenGL/gl.h presence
configure:4370: gcc -E  conftest.c
configure:4391:23: OpenGL/gl.h: No such file or directory
configure:4376: $? = 1
configure: failed program was:
| #line 4361 "configure"
| /* confdefs.h.  */
| 
| #define PACKAGE_NAME ""
| #define PACKAGE_TARNAME ""
| #define PACKAGE_VERSION ""
| #define PACKAGE_STRING ""
| #define PACKAGE_BUGREPORT ""
| #define PACKAGE "cx3d"
| #define VERSION "1.0"
| #ifdef __cplusplus
| #include <stdlib.h>
| #endif
| #define STDC_HEADERS 1
| #define HAVE_SYS_TYPES_H 1
| #define HAVE_SYS_STAT_H 1
| #define HAVE_STDLIB_H 1
| #define HAVE_STRING_H 1
| #define HAVE_MEMORY_H 1
| #define HAVE_STRINGS_H 1
| #define HAVE_INTTYPES_H 1
| #define HAVE_STDINT_H 1
| #define HAVE_UNISTD_H 1
| #define HAVE_XERCESC_UTIL_XERCESVERSION_HPP 1
| #define SUPPORT_X3D 1
| #define HAVE_LIBXERCES_C 1
| #define SUPPORT_OPENGL 1
| #define HAVE_LIBGL 1
| #define HAVE_LIBGLU 1
| #define SUPPORT_GLUT 1
| /* end confdefs.h.  */
| #include <OpenGL/gl.h>
configure:4395: result: no
configure:4431: checking for OpenGL/gl.h
configure:4438: result: no
configure:4466: checking GLUT/glut.h usability
configure:4479: gcc -c -g -O2  conftest.c >&5
configure:4532:23: GLUT/glut.h: No such file or directory
configure:4482: $? = 1
configure: failed program was:
| #line 4468 "configure"
| /* confdefs.h.  */
| 
| #define PACKAGE_NAME ""
| #define PACKAGE_TARNAME ""
| #define PACKAGE_VERSION ""
| #define PACKAGE_STRING ""
| #define PACKAGE_BUGREPORT ""
| #define PACKAGE "cx3d"
| #define VERSION "1.0"
| #ifdef __cplusplus
| #include <stdlib.h>
| #endif
| #define STDC_HEADERS 1
| #define HAVE_SYS_TYPES_H 1
| #define HAVE_SYS_STAT_H 1
| #define HAVE_STDLIB_H 1
| #define HAVE_STRING_H 1
| #define HAVE_MEMORY_H 1
| #define HAVE_STRINGS_H 1
| #define HAVE_INTTYPES_H 1
| #define HAVE_STDINT_H 1
| #define HAVE_UNISTD_H 1
| #define HAVE_XERCESC_UTIL_XERCESVERSION_HPP 1
| #define SUPPORT_X3D 1
| #define HAVE_LIBXERCES_C 1
| #define SUPPORT_OPENGL 1
| #define HAVE_LIBGL 1
| #define HAVE_LIBGLU 1
| #define SUPPORT_GLUT 1
| /* end confdefs.h.  */
| #include <stdio.h>
| #if HAVE_SYS_TYPES_H
| # include <sys/types.h>
| #endif
| #if HAVE_SYS_STAT_H
| # include <sys/stat.h>
| #endif
| #if STDC_HEADERS
| # include <stdlib.h>
| # include <stddef.h>
| #else
| # if HAVE_STDLIB_H
| #  include <stdlib.h>
| # endif
| #endif
| #if HAVE_STRING_H
| # if !STDC_HEADERS && HAVE_MEMORY_H
| #  include <memory.h>
| # endif
| # include <string.h>
| #endif
| #if HAVE_STRINGS_H
| # include <strings.h>
| #endif
| #if HAVE_INTTYPES_H
| # include <inttypes.h>
| #else
| # if HAVE_STDINT_H
| #  include <stdint.h>
| # endif
| #endif
| #if HAVE_UNISTD_H
| # include <unistd.h>
| #endif
| #include <GLUT/glut.h>
configure:4498: result: no
configure:4502: checking GLUT/glut.h presence
configure:4513: gcc -E  conftest.c
configure:4534:23: GLUT/glut.h: No such file or directory
configure:4519: $? = 1
configure: failed program was:
| #line 4504 "configure"
| /* confdefs.h.  */
| 
| #define PACKAGE_NAME ""
| #define PACKAGE_TARNAME ""
| #define PACKAGE_VERSION ""
| #define PACKAGE_STRING ""
| #define PACKAGE_BUGREPORT ""
| #define PACKAGE "cx3d"
| #define VERSION "1.0"
| #ifdef __cplusplus
| #include <stdlib.h>
| #endif
| #define STDC_HEADERS 1
| #define HAVE_SYS_TYPES_H 1
| #define HAVE_SYS_STAT_H 1
| #define HAVE_STDLIB_H 1
| #define HAVE_STRING_H 1
| #define HAVE_MEMORY_H 1
| #define HAVE_STRINGS_H 1
| #define HAVE_INTTYPES_H 1
| #define HAVE_STDINT_H 1
| #define HAVE_UNISTD_H 1
| #define HAVE_XERCESC_UTIL_XERCESVERSION_HPP 1
| #define SUPPORT_X3D 1
| #define HAVE_LIBXERCES_C 1
| #define SUPPORT_OPENGL 1
| #define HAVE_LIBGL 1
| #define HAVE_LIBGLU 1
| #define SUPPORT_GLUT 1
| /* end confdefs.h.  */
| #include <GLUT/glut.h>
configure:4538: result: no
configure:4574: checking for GLUT/glut.h
configure:4581: result: no
configure:4611: checking png.h usability
configure:4624: gcc -c -g -O2  conftest.c >&5
configure:4627: $? = 0
configure:4630: test -s conftest.o
configure:4633: $? = 0
configure:4643: result: yes
configure:4647: checking png.h presence
configure:4658: gcc -E  conftest.c
configure:4664: $? = 0
configure:4683: result: yes
configure:4719: checking for png.h
configure:4726: result: yes
configure:4743: checking for png_read_info in -lpng
configure:4774: gcc -o conftest -g -O2   conftest.c -lpng  -lGLU -lGL -lxerces-c  -lglut >&5
/usr/lib/gcc-lib/i386-redhat-linux/3.2.2/../../../libglut.so: undefined reference to `XGetExtensionVersion'
/usr/lib/gcc-lib/i386-redhat-linux/3.2.2/../../../libglut.so: undefined reference to `XFreeDeviceList'
/usr/lib/gcc-lib/i386-redhat-linux/3.2.2/../../../libglut.so: undefined reference to `XQueryDeviceState'
/usr/lib/gcc-lib/i386-redhat-linux/3.2.2/../../../libglut.so: undefined reference to `XListInputDevices'
/usr/lib/gcc-lib/i386-redhat-linux/3.2.2/../../../libglut.so: undefined reference to `XFreeDeviceState'
/usr/lib/gcc-lib/i386-redhat-linux/3.2.2/../../../libglut.so: undefined reference to `XOpenDevice'
/usr/lib/gcc-lib/i386-redhat-linux/3.2.2/../../../libglut.so: undefined reference to `XmuLookupStandardColormap'
/usr/lib/gcc-lib/i386-redhat-linux/3.2.2/../../../libglut.so: undefined reference to `XSelectExtensionEvent'
collect2: ld returned 1 exit status
configure:4777: $? = 1
configure: failed program was:
| #line 4750 "configure"
| /* confdefs.h.  */
| 
| #define PACKAGE_NAME ""
| #define PACKAGE_TARNAME ""
| #define PACKAGE_VERSION ""
| #define PACKAGE_STRING ""
| #define PACKAGE_BUGREPORT ""
| #define PACKAGE "cx3d"
| #define VERSION "1.0"
| #ifdef __cplusplus
| #include <stdlib.h>
| #endif
| #define STDC_HEADERS 1
| #define HAVE_SYS_TYPES_H 1
| #define HAVE_SYS_STAT_H 1
| #define HAVE_STDLIB_H 1
| #define HAVE_STRING_H 1
| #define HAVE_MEMORY_H 1
| #define HAVE_STRINGS_H 1
| #define HAVE_INTTYPES_H 1
| #define HAVE_STDINT_H 1
| #define HAVE_UNISTD_H 1
| #define HAVE_XERCESC_UTIL_XERCESVERSION_HPP 1
| #define SUPPORT_X3D 1
| #define HAVE_LIBXERCES_C 1
| #define SUPPORT_OPENGL 1
| #define HAVE_LIBGL 1
| #define HAVE_LIBGLU 1
| #define SUPPORT_GLUT 1
| #define SUPPORT_PNG 1
| /* end confdefs.h.  */
| 
| /* Override any gcc2 internal prototype to avoid an error.  */
| #ifdef __cplusplus
| extern "C"
| #endif
| /* We use char because int might match the return type of a gcc2
|    builtin and then its argument prototype would still apply.  */
| char png_read_info ();
| int
| main ()
| {
| png_read_info ();
|   ;
|   return 0;
| }
configure:4795: result: no
configure:4821: checking jpeglib.h usability
configure:4834: gcc -c -g -O2  conftest.c >&5
configure:4837: $? = 0
configure:4840: test -s conftest.o
configure:4843: $? = 0
configure:4853: result: yes
configure:4857: checking jpeglib.h presence
configure:4868: gcc -E  conftest.c
configure:4874: $? = 0
configure:4893: result: yes
configure:4929: checking for jpeglib.h
configure:4936: result: yes
configure:4953: checking for jpeg_read_header in -ljpeg
configure:4984: gcc -o conftest -g -O2   conftest.c -ljpeg  -lGLU -lGL -lxerces-c  -lglut -lpng >&5
/usr/lib/gcc-lib/i386-redhat-linux/3.2.2/../../../libglut.so: undefined reference to `XGetExtensionVersion'
/usr/lib/gcc-lib/i386-redhat-linux/3.2.2/../../../libglut.so: undefined reference to `XFreeDeviceList'
/usr/lib/gcc-lib/i386-redhat-linux/3.2.2/../../../libglut.so: undefined reference to `XQueryDeviceState'
/usr/lib/gcc-lib/i386-redhat-linux/3.2.2/../../../libglut.so: undefined reference to `XListInputDevices'
/usr/lib/gcc-lib/i386-redhat-linux/3.2.2/../../../libglut.so: undefined reference to `XFreeDeviceState'
/usr/lib/gcc-lib/i386-redhat-linux/3.2.2/../../../libglut.so: undefined reference to `XOpenDevice'
/usr/lib/gcc-lib/i386-redhat-linux/3.2.2/../../../libglut.so: undefined reference to `XmuLookupStandardColormap'
/usr/lib/gcc-lib/i386-redhat-linux/3.2.2/../../../libglut.so: undefined reference to `XSelectExtensionEvent'
collect2: ld returned 1 exit status
configure:4987: $? = 1
configure: failed program was:
| #line 4960 "configure"
| /* confdefs.h.  */
| 
| #define PACKAGE_NAME ""
| #define PACKAGE_TARNAME ""
| #define PACKAGE_VERSION ""
| #define PACKAGE_STRING ""
| #define PACKAGE_BUGREPORT ""
| #define PACKAGE "cx3d"
| #define VERSION "1.0"
| #ifdef __cplusplus
| #include <stdlib.h>
| #endif
| #define STDC_HEADERS 1
| #define HAVE_SYS_TYPES_H 1
| #define HAVE_SYS_STAT_H 1
| #define HAVE_STDLIB_H 1
| #define HAVE_STRING_H 1
| #define HAVE_MEMORY_H 1
| #define HAVE_STRINGS_H 1
| #define HAVE_INTTYPES_H 1
| #define HAVE_STDINT_H 1
| #define HAVE_UNISTD_H 1
| #define HAVE_XERCESC_UTIL_XERCESVERSION_HPP 1
| #define SUPPORT_X3D 1
| #define HAVE_LIBXERCES_C 1
| #define SUPPORT_OPENGL 1
| #define HAVE_LIBGL 1
| #define HAVE_LIBGLU 1
| #define SUPPORT_GLUT 1
| #define SUPPORT_PNG 1
| #define SUPPORT_JPEG 1
| /* end confdefs.h.  */
| 
| /* Override any gcc2 internal prototype to avoid an error.  */
| #ifdef __cplusplus
| extern "C"
| #endif
| /* We use char because int might match the return type of a gcc2
|    builtin and then its argument prototype would still apply.  */
| char jpeg_read_header ();
| int
| main ()
| {
| jpeg_read_header ();
|   ;
|   return 0;
| }
configure:5005: result: no
configure:5021: checking for ANSI C header files
configure:5168: result: yes
configure:5198: checking float.h usability
configure:5211: gcc -c -g -O2  conftest.c >&5
configure:5214: $? = 0
configure:5217: test -s conftest.o
configure:5220: $? = 0
configure:5230: result: yes
configure:5234: checking float.h presence
configure:5245: gcc -E  conftest.c
configure:5251: $? = 0
configure:5270: result: yes
configure:5306: checking for float.h
configure:5313: result: yes
configure:5189: checking for memory.h
configure:5194: result: yes
configure:5198: checking stddef.h usability
configure:5211: gcc -c -g -O2  conftest.c >&5
configure:5214: $? = 0
configure:5217: test -s conftest.o
configure:5220: $? = 0
configure:5230: result: yes
configure:5234: checking stddef.h presence
configure:5245: gcc -E  conftest.c
configure:5251: $? = 0
configure:5270: result: yes
configure:5306: checking for stddef.h
configure:5313: result: yes
configure:5189: checking for stdlib.h
configure:5194: result: yes
configure:5189: checking for string.h
configure:5194: result: yes
configure:5198: checking sys/time.h usability
configure:5211: gcc -c -g -O2  conftest.c >&5
configure:5214: $? = 0
configure:5217: test -s conftest.o
configure:5220: $? = 0
configure:5230: result: yes
configure:5234: checking sys/time.h presence
configure:5245: gcc -E  conftest.c
configure:5251: $? = 0
configure:5270: result: yes
configure:5306: checking for sys/time.h
configure:5313: result: yes
configure:5198: checking sys/timeb.h usability
configure:5211: gcc -c -g -O2  conftest.c >&5
configure:5214: $? = 0
configure:5217: test -s conftest.o
configure:5220: $? = 0
configure:5230: result: yes
configure:5234: checking sys/timeb.h presence
configure:5245: gcc -E  conftest.c
configure:5251: $? = 0
configure:5270: result: yes
configure:5306: checking for sys/timeb.h
configure:5313: result: yes
configure:5329: checking for an ANSI C-conforming const
configure:5397: gcc -c -g -O2  conftest.c >&5
configure:5400: $? = 0
configure:5403: test -s conftest.o
configure:5406: $? = 0
configure:5417: result: yes
configure:5427: checking for inline
configure:5449: gcc -c -g -O2  conftest.c >&5
configure:5452: $? = 0
configure:5455: test -s conftest.o
configure:5458: $? = 0
configure:5470: result: inline
configure:5485: checking for size_t
configure:5510: gcc -c -g -O2  conftest.c >&5
configure:5513: $? = 0
configure:5516: test -s conftest.o
configure:5519: $? = 0
configure:5530: result: yes
configure:5542: checking whether time.h and sys/time.h may both be included
configure:5568: gcc -c -g -O2  conftest.c >&5
configure:5571: $? = 0
configure:5574: test -s conftest.o
configure:5577: $? = 0
configure:5588: result: yes
configure:5600: checking for error_at_line
configure:5622: gcc -o conftest -g -O2   conftest.c -lGLU -lGL -lxerces-c  -lglut -lpng -ljpeg >&5
/usr/lib/gcc-lib/i386-redhat-linux/3.2.2/../../../libglut.so: undefined reference to `XGetExtensionVersion'
/usr/lib/gcc-lib/i386-redhat-linux/3.2.2/../../../libglut.so: undefined reference to `XFreeDeviceList'
/usr/lib/gcc-lib/i386-redhat-linux/3.2.2/../../../libglut.so: undefined reference to `XQueryDeviceState'
/usr/lib/gcc-lib/i386-redhat-linux/3.2.2/../../../libglut.so: undefined reference to `XListInputDevices'
/usr/lib/gcc-lib/i386-redhat-linux/3.2.2/../../../libglut.so: undefined reference to `XFreeDeviceState'
/usr/lib/gcc-lib/i386-redhat-linux/3.2.2/../../../libglut.so: undefined reference to `XOpenDevice'
/usr/lib/gcc-lib/i386-redhat-linux/3.2.2/../../../libglut.so: undefined reference to `XmuLookupStandardColormap'
/usr/lib/gcc-lib/i386-redhat-linux/3.2.2/../../../libglut.so: undefined reference to `XSelectExtensionEvent'
collect2: ld returned 1 exit status
configure:5625: $? = 1
configure: failed program was:
| #line 5605 "configure"
| /* confdefs.h.  */
| 
| #define PACKAGE_NAME ""
| #define PACKAGE_TARNAME ""
| #define PACKAGE_VERSION ""
| #define PACKAGE_STRING ""
| #define PACKAGE_BUGREPORT ""
| #define PACKAGE "cx3d"
| #define VERSION "1.0"
| #ifdef __cplusplus
| #include <stdlib.h>
| #endif
| #define STDC_HEADERS 1
| #define HAVE_SYS_TYPES_H 1
| #define HAVE_SYS_STAT_H 1
| #define HAVE_STDLIB_H 1
| #define HAVE_STRING_H 1
| #define HAVE_MEMORY_H 1
| #define HAVE_STRINGS_H 1
| #define HAVE_INTTYPES_H 1
| #define HAVE_STDINT_H 1
| #define HAVE_UNISTD_H 1
| #define HAVE_XERCESC_UTIL_XERCESVERSION_HPP 1
| #define SUPPORT_X3D 1
| #define HAVE_LIBXERCES_C 1
| #define SUPPORT_OPENGL 1
| #define HAVE_LIBGL 1
| #define HAVE_LIBGLU 1
| #define SUPPORT_GLUT 1
| #define SUPPORT_PNG 1
| #define SUPPORT_JPEG 1
| #define STDC_HEADERS 1
| #define HAVE_FLOAT_H 1
| #define HAVE_MEMORY_H 1
| #define HAVE_STDDEF_H 1
| #define HAVE_STDLIB_H 1
| #define HAVE_STRING_H 1
| #define HAVE_SYS_TIME_H 1
| #define HAVE_SYS_TIMEB_H 1
| #define TIME_WITH_SYS_TIME 1
| /* end confdefs.h.  */
| 
| int
| main ()
| {
| error_at_line (0, 0, "", 0, "");
|   ;
|   return 0;
| }
configure:5642: result: no
configure:5658: checking for ftime
configure:5708: gcc -o conftest -g -O2   conftest.c -lGLU -lGL -lxerces-c  -lglut -lpng -ljpeg >&5
/usr/lib/gcc-lib/i386-redhat-linux/3.2.2/../../../libglut.so: undefined reference to `XGetExtensionVersion'
/usr/lib/gcc-lib/i386-redhat-linux/3.2.2/../../../libglut.so: undefined reference to `XFreeDeviceList'
/usr/lib/gcc-lib/i386-redhat-linux/3.2.2/../../../libglut.so: undefined reference to `XQueryDeviceState'
/usr/lib/gcc-lib/i386-redhat-linux/3.2.2/../../../libglut.so: undefined reference to `XListInputDevices'
/usr/lib/gcc-lib/i386-redhat-linux/3.2.2/../../../libglut.so: undefined reference to `XFreeDeviceState'
/usr/lib/gcc-lib/i386-redhat-linux/3.2.2/../../../libglut.so: undefined reference to `XOpenDevice'
/usr/lib/gcc-lib/i386-redhat-linux/3.2.2/../../../libglut.so: undefined reference to `XmuLookupStandardColormap'
/usr/lib/gcc-lib/i386-redhat-linux/3.2.2/../../../libglut.so: undefined reference to `XSelectExtensionEvent'
collect2: ld returned 1 exit status
configure:5711: $? = 1
configure: failed program was:
| #line 5663 "configure"
| /* confdefs.h.  */
| 
| #define PACKAGE_NAME ""
| #define PACKAGE_TARNAME ""
| #define PACKAGE_VERSION ""
| #define PACKAGE_STRING ""
| #define PACKAGE_BUGREPORT ""
| #define PACKAGE "cx3d"
| #define VERSION "1.0"
| #ifdef __cplusplus
| #include <stdlib.h>
| #endif
| #define STDC_HEADERS 1
| #define HAVE_SYS_TYPES_H 1
| #define HAVE_SYS_STAT_H 1
| #define HAVE_STDLIB_H 1
| #define HAVE_STRING_H 1
| #define HAVE_MEMORY_H 1
| #define HAVE_STRINGS_H 1
| #define HAVE_INTTYPES_H 1
| #define HAVE_STDINT_H 1
| #define HAVE_UNISTD_H 1
| #define HAVE_XERCESC_UTIL_XERCESVERSION_HPP 1
| #define SUPPORT_X3D 1
| #define HAVE_LIBXERCES_C 1
| #define SUPPORT_OPENGL 1
| #define HAVE_LIBGL 1
| #define HAVE_LIBGLU 1
| #define SUPPORT_GLUT 1
| #define SUPPORT_PNG 1
| #define SUPPORT_JPEG 1
| #define STDC_HEADERS 1
| #define HAVE_FLOAT_H 1
| #define HAVE_MEMORY_H 1
| #define HAVE_STDDEF_H 1
| #define HAVE_STDLIB_H 1
| #define HAVE_STRING_H 1
| #define HAVE_SYS_TIME_H 1
| #define HAVE_SYS_TIMEB_H 1
| #define TIME_WITH_SYS_TIME 1
| /* end confdefs.h.  */
| /* System header to define __stub macros and hopefully few prototypes,
|     which can conflict with char ftime (); below.
|     Prefer <limits.h> to <assert.h> if __STDC__ is defined, since
|     <limits.h> exists even on freestanding compilers.  */
| #ifdef __STDC__
| # include <limits.h>
| #else
| # include <assert.h>
| #endif
| /* Override any gcc2 internal prototype to avoid an error.  */
| #ifdef __cplusplus
| extern "C"
| {
| #endif
| /* We use char because int might match the return type of a gcc2
|    builtin and then its argument prototype would still apply.  */
| char ftime ();
| /* The GNU C library defines this for functions which it implements
|     to always fail with ENOSYS.  Some functions are actually named
|     something starting with __ and the normal name is an alias.  */
| #if defined (__stub_ftime) || defined (__stub___ftime)
| choke me
| #else
| char (*f) () = ftime;
| #endif
| #ifdef __cplusplus
| }
| #endif
| 
| int
| main ()
| {
| return f != ftime;
|   ;
|   return 0;
| }
configure:5728: result: no
configure:5658: checking for gettimeofday
configure:5708: gcc -o conftest -g -O2   conftest.c -lGLU -lGL -lxerces-c  -lglut -lpng -ljpeg >&5
/usr/lib/gcc-lib/i386-redhat-linux/3.2.2/../../../libglut.so: undefined reference to `XGetExtensionVersion'
/usr/lib/gcc-lib/i386-redhat-linux/3.2.2/../../../libglut.so: undefined reference to `XFreeDeviceList'
/usr/lib/gcc-lib/i386-redhat-linux/3.2.2/../../../libglut.so: undefined reference to `XQueryDeviceState'
/usr/lib/gcc-lib/i386-redhat-linux/3.2.2/../../../libglut.so: undefined reference to `XListInputDevices'
/usr/lib/gcc-lib/i386-redhat-linux/3.2.2/../../../libglut.so: undefined reference to `XFreeDeviceState'
/usr/lib/gcc-lib/i386-redhat-linux/3.2.2/../../../libglut.so: undefined reference to `XOpenDevice'
/usr/lib/gcc-lib/i386-redhat-linux/3.2.2/../../../libglut.so: undefined reference to `XmuLookupStandardColormap'
/usr/lib/gcc-lib/i386-redhat-linux/3.2.2/../../../libglut.so: undefined reference to `XSelectExtensionEvent'
collect2: ld returned 1 exit status
configure:5711: $? = 1
configure: failed program was:
| #line 5663 "configure"
| /* confdefs.h.  */
| 
| #define PACKAGE_NAME ""
| #define PACKAGE_TARNAME ""
| #define PACKAGE_VERSION ""
| #define PACKAGE_STRING ""
| #define PACKAGE_BUGREPORT ""
| #define PACKAGE "cx3d"
| #define VERSION "1.0"
| #ifdef __cplusplus
| #include <stdlib.h>
| #endif
| #define STDC_HEADERS 1
| #define HAVE_SYS_TYPES_H 1
| #define HAVE_SYS_STAT_H 1
| #define HAVE_STDLIB_H 1
| #define HAVE_STRING_H 1
| #define HAVE_MEMORY_H 1
| #define HAVE_STRINGS_H 1
| #define HAVE_INTTYPES_H 1
| #define HAVE_STDINT_H 1
| #define HAVE_UNISTD_H 1
| #define HAVE_XERCESC_UTIL_XERCESVERSION_HPP 1
| #define SUPPORT_X3D 1
| #define HAVE_LIBXERCES_C 1
| #define SUPPORT_OPENGL 1
| #define HAVE_LIBGL 1
| #define HAVE_LIBGLU 1
| #define SUPPORT_GLUT 1
| #define SUPPORT_PNG 1
| #define SUPPORT_JPEG 1
| #define STDC_HEADERS 1
| #define HAVE_FLOAT_H 1
| #define HAVE_MEMORY_H 1
| #define HAVE_STDDEF_H 1
| #define HAVE_STDLIB_H 1
| #define HAVE_STRING_H 1
| #define HAVE_SYS_TIME_H 1
| #define HAVE_SYS_TIMEB_H 1
| #define TIME_WITH_SYS_TIME 1
| /* end confdefs.h.  */
| /* System header to define __stub macros and hopefully few prototypes,
|     which can conflict with char gettimeofday (); below.
|     Prefer <limits.h> to <assert.h> if __STDC__ is defined, since
|     <limits.h> exists even on freestanding compilers.  */
| #ifdef __STDC__
| # include <limits.h>
| #else
| # include <assert.h>
| #endif
| /* Override any gcc2 internal prototype to avoid an error.  */
| #ifdef __cplusplus
| extern "C"
| {
| #endif
| /* We use char because int might match the return type of a gcc2
|    builtin and then its argument prototype would still apply.  */
| char gettimeofday ();
| /* The GNU C library defines this for functions which it implements
|     to always fail with ENOSYS.  Some functions are actually named
|     something starting with __ and the normal name is an alias.  */
| #if defined (__stub_gettimeofday) || defined (__stub___gettimeofday)
| choke me
| #else
| char (*f) () = gettimeofday;
| #endif
| #ifdef __cplusplus
| }
| #endif
| 
| int
| main ()
| {
| return f != gettimeofday;
|   ;
|   return 0;
| }
configure:5728: result: no
configure:5658: checking for memset
configure:5708: gcc -o conftest -g -O2   conftest.c -lGLU -lGL -lxerces-c  -lglut -lpng -ljpeg >&5
configure:5720: warning: conflicting types for built-in function `memset'
/usr/lib/gcc-lib/i386-redhat-linux/3.2.2/../../../libglut.so: undefined reference to `XGetExtensionVersion'
/usr/lib/gcc-lib/i386-redhat-linux/3.2.2/../../../libglut.so: undefined reference to `XFreeDeviceList'
/usr/lib/gcc-lib/i386-redhat-linux/3.2.2/../../../libglut.so: undefined reference to `XQueryDeviceState'
/usr/lib/gcc-lib/i386-redhat-linux/3.2.2/../../../libglut.so: undefined reference to `XListInputDevices'
/usr/lib/gcc-lib/i386-redhat-linux/3.2.2/../../../libglut.so: undefined reference to `XFreeDeviceState'
/usr/lib/gcc-lib/i386-redhat-linux/3.2.2/../../../libglut.so: undefined reference to `XOpenDevice'
/usr/lib/gcc-lib/i386-redhat-linux/3.2.2/../../../libglut.so: undefined reference to `XmuLookupStandardColormap'
/usr/lib/gcc-lib/i386-redhat-linux/3.2.2/../../../libglut.so: undefined reference to `XSelectExtensionEvent'
collect2: ld returned 1 exit status
configure:5711: $? = 1
configure: failed program was:
| #line 5663 "configure"
| /* confdefs.h.  */
| 
| #define PACKAGE_NAME ""
| #define PACKAGE_TARNAME ""
| #define PACKAGE_VERSION ""
| #define PACKAGE_STRING ""
| #define PACKAGE_BUGREPORT ""
| #define PACKAGE "cx3d"
| #define VERSION "1.0"
| #ifdef __cplusplus
| #include <stdlib.h>
| #endif
| #define STDC_HEADERS 1
| #define HAVE_SYS_TYPES_H 1
| #define HAVE_SYS_STAT_H 1
| #define HAVE_STDLIB_H 1
| #define HAVE_STRING_H 1
| #define HAVE_MEMORY_H 1
| #define HAVE_STRINGS_H 1
| #define HAVE_INTTYPES_H 1
| #define HAVE_STDINT_H 1
| #define HAVE_UNISTD_H 1
| #define HAVE_XERCESC_UTIL_XERCESVERSION_HPP 1
| #define SUPPORT_X3D 1
| #define HAVE_LIBXERCES_C 1
| #define SUPPORT_OPENGL 1
| #define HAVE_LIBGL 1
| #define HAVE_LIBGLU 1
| #define SUPPORT_GLUT 1
| #define SUPPORT_PNG 1
| #define SUPPORT_JPEG 1
| #define STDC_HEADERS 1
| #define HAVE_FLOAT_H 1
| #define HAVE_MEMORY_H 1
| #define HAVE_STDDEF_H 1
| #define HAVE_STDLIB_H 1
| #define HAVE_STRING_H 1
| #define HAVE_SYS_TIME_H 1
| #define HAVE_SYS_TIMEB_H 1
| #define TIME_WITH_SYS_TIME 1
| /* end confdefs.h.  */
| /* System header to define __stub macros and hopefully few prototypes,
|     which can conflict with char memset (); below.
|     Prefer <limits.h> to <assert.h> if __STDC__ is defined, since
|     <limits.h> exists even on freestanding compilers.  */
| #ifdef __STDC__
| # include <limits.h>
| #else
| # include <assert.h>
| #endif
| /* Override any gcc2 internal prototype to avoid an error.  */
| #ifdef __cplusplus
| extern "C"
| {
| #endif
| /* We use char because int might match the return type of a gcc2
|    builtin and then its argument prototype would still apply.  */
| char memset ();
| /* The GNU C library defines this for functions which it implements
|     to always fail with ENOSYS.  Some functions are actually named
|     something starting with __ and the normal name is an alias.  */
| #if defined (__stub_memset) || defined (__stub___memset)
| choke me
| #else
| char (*f) () = memset;
| #endif
| #ifdef __cplusplus
| }
| #endif
| 
| int
| main ()
| {
| return f != memset;
|   ;
|   return 0;
| }
configure:5728: result: no
configure:5658: checking for sqrt
configure:5708: gcc -o conftest -g -O2   conftest.c -lGLU -lGL -lxerces-c  -lglut -lpng -ljpeg >&5
configure:5720: warning: conflicting types for built-in function `sqrt'
/usr/lib/gcc-lib/i386-redhat-linux/3.2.2/../../../libglut.so: undefined reference to `XGetExtensionVersion'
/usr/lib/gcc-lib/i386-redhat-linux/3.2.2/../../../libglut.so: undefined reference to `XFreeDeviceList'
/usr/lib/gcc-lib/i386-redhat-linux/3.2.2/../../../libglut.so: undefined reference to `XQueryDeviceState'
/usr/lib/gcc-lib/i386-redhat-linux/3.2.2/../../../libglut.so: undefined reference to `XListInputDevices'
/usr/lib/gcc-lib/i386-redhat-linux/3.2.2/../../../libglut.so: undefined reference to `XFreeDeviceState'
/usr/lib/gcc-lib/i386-redhat-linux/3.2.2/../../../libglut.so: undefined reference to `XOpenDevice'
/usr/lib/gcc-lib/i386-redhat-linux/3.2.2/../../../libglut.so: undefined reference to `XmuLookupStandardColormap'
/usr/lib/gcc-lib/i386-redhat-linux/3.2.2/../../../libglut.so: undefined reference to `XSelectExtensionEvent'
collect2: ld returned 1 exit status
configure:5711: $? = 1
configure: failed program was:
| #line 5663 "configure"
| /* confdefs.h.  */
| 
| #define PACKAGE_NAME ""
| #define PACKAGE_TARNAME ""
| #define PACKAGE_VERSION ""
| #define PACKAGE_STRING ""
| #define PACKAGE_BUGREPORT ""
| #define PACKAGE "cx3d"
| #define VERSION "1.0"
| #ifdef __cplusplus
| #include <stdlib.h>
| #endif
| #define STDC_HEADERS 1
| #define HAVE_SYS_TYPES_H 1
| #define HAVE_SYS_STAT_H 1
| #define HAVE_STDLIB_H 1
| #define HAVE_STRING_H 1
| #define HAVE_MEMORY_H 1
| #define HAVE_STRINGS_H 1
| #define HAVE_INTTYPES_H 1
| #define HAVE_STDINT_H 1
| #define HAVE_UNISTD_H 1
| #define HAVE_XERCESC_UTIL_XERCESVERSION_HPP 1
| #define SUPPORT_X3D 1
| #define HAVE_LIBXERCES_C 1
| #define SUPPORT_OPENGL 1
| #define HAVE_LIBGL 1
| #define HAVE_LIBGLU 1
| #define SUPPORT_GLUT 1
| #define SUPPORT_PNG 1
| #define SUPPORT_JPEG 1
| #define STDC_HEADERS 1
| #define HAVE_FLOAT_H 1
| #define HAVE_MEMORY_H 1
| #define HAVE_STDDEF_H 1
| #define HAVE_STDLIB_H 1
| #define HAVE_STRING_H 1
| #define HAVE_SYS_TIME_H 1
| #define HAVE_SYS_TIMEB_H 1
| #define TIME_WITH_SYS_TIME 1
| /* end confdefs.h.  */
| /* System header to define __stub macros and hopefully few prototypes,
|     which can conflict with char sqrt (); below.
|     Prefer <limits.h> to <assert.h> if __STDC__ is defined, since
|     <limits.h> exists even on freestanding compilers.  */
| #ifdef __STDC__
| # include <limits.h>
| #else
| # include <assert.h>
| #endif
| /* Override any gcc2 internal prototype to avoid an error.  */
| #ifdef __cplusplus
| extern "C"
| {
| #endif
| /* We use char because int might match the return type of a gcc2
|    builtin and then its argument prototype would still apply.  */
| char sqrt ();
| /* The GNU C library defines this for functions which it implements
|     to always fail with ENOSYS.  Some functions are actually named
|     something starting with __ and the normal name is an alias.  */
| #if defined (__stub_sqrt) || defined (__stub___sqrt)
| choke me
| #else
| char (*f) () = sqrt;
| #endif
| #ifdef __cplusplus
| }
| #endif
| 
| int
| main ()
| {
| return f != sqrt;
|   ;
|   return 0;
| }
configure:5728: result: no
configure:5658: checking for strdup
configure:5708: gcc -o conftest -g -O2   conftest.c -lGLU -lGL -lxerces-c  -lglut -lpng -ljpeg >&5
/usr/lib/gcc-lib/i386-redhat-linux/3.2.2/../../../libglut.so: undefined reference to `XGetExtensionVersion'
/usr/lib/gcc-lib/i386-redhat-linux/3.2.2/../../../libglut.so: undefined reference to `XFreeDeviceList'
/usr/lib/gcc-lib/i386-redhat-linux/3.2.2/../../../libglut.so: undefined reference to `XQueryDeviceState'
/usr/lib/gcc-lib/i386-redhat-linux/3.2.2/../../../libglut.so: undefined reference to `XListInputDevices'
/usr/lib/gcc-lib/i386-redhat-linux/3.2.2/../../../libglut.so: undefined reference to `XFreeDeviceState'
/usr/lib/gcc-lib/i386-redhat-linux/3.2.2/../../../libglut.so: undefined reference to `XOpenDevice'
/usr/lib/gcc-lib/i386-redhat-linux/3.2.2/../../../libglut.so: undefined reference to `XmuLookupStandardColormap'
/usr/lib/gcc-lib/i386-redhat-linux/3.2.2/../../../libglut.so: undefined reference to `XSelectExtensionEvent'
collect2: ld returned 1 exit status
configure:5711: $? = 1
configure: failed program was:
| #line 5663 "configure"
| /* confdefs.h.  */
| 
| #define PACKAGE_NAME ""
| #define PACKAGE_TARNAME ""
| #define PACKAGE_VERSION ""
| #define PACKAGE_STRING ""
| #define PACKAGE_BUGREPORT ""
| #define PACKAGE "cx3d"
| #define VERSION "1.0"
| #ifdef __cplusplus
| #include <stdlib.h>
| #endif
| #define STDC_HEADERS 1
| #define HAVE_SYS_TYPES_H 1
| #define HAVE_SYS_STAT_H 1
| #define HAVE_STDLIB_H 1
| #define HAVE_STRING_H 1
| #define HAVE_MEMORY_H 1
| #define HAVE_STRINGS_H 1
| #define HAVE_INTTYPES_H 1
| #define HAVE_STDINT_H 1
| #define HAVE_UNISTD_H 1
| #define HAVE_XERCESC_UTIL_XERCESVERSION_HPP 1
| #define SUPPORT_X3D 1
| #define HAVE_LIBXERCES_C 1
| #define SUPPORT_OPENGL 1
| #define HAVE_LIBGL 1
| #define HAVE_LIBGLU 1
| #define SUPPORT_GLUT 1
| #define SUPPORT_PNG 1
| #define SUPPORT_JPEG 1
| #define STDC_HEADERS 1
| #define HAVE_FLOAT_H 1
| #define HAVE_MEMORY_H 1
| #define HAVE_STDDEF_H 1
| #define HAVE_STDLIB_H 1
| #define HAVE_STRING_H 1
| #define HAVE_SYS_TIME_H 1
| #define HAVE_SYS_TIMEB_H 1
| #define TIME_WITH_SYS_TIME 1
| /* end confdefs.h.  */
| /* System header to define __stub macros and hopefully few prototypes,
|     which can conflict with char strdup (); below.
|     Prefer <limits.h> to <assert.h> if __STDC__ is defined, since
|     <limits.h> exists even on freestanding compilers.  */
| #ifdef __STDC__
| # include <limits.h>
| #else
| # include <assert.h>
| #endif
| /* Override any gcc2 internal prototype to avoid an error.  */
| #ifdef __cplusplus
| extern "C"
| {
| #endif
| /* We use char because int might match the return type of a gcc2
|    builtin and then its argument prototype would still apply.  */
| char strdup ();
| /* The GNU C library defines this for functions which it implements
|     to always fail with ENOSYS.  Some functions are actually named
|     something starting with __ and the normal name is an alias.  */
| #if defined (__stub_strdup) || defined (__stub___strdup)
| choke me
| #else
| char (*f) () = strdup;
| #endif
| #ifdef __cplusplus
| }
| #endif
| 
| int
| main ()
| {
| return f != strdup;
|   ;
|   return 0;
| }
configure:5728: result: no
configure:5739: checking for X
configure:5959: result: libraries /usr/X11R6/lib, headers /usr/X11R6/include
configure:6112: gcc -o conftest -g -O2   conftest.c -lGLU -lGL -lxerces-c  -lglut -lpng -ljpeg  -L/usr/X11R6/lib -lX11 >&5
/usr/lib/gcc-lib/i386-redhat-linux/3.2.2/../../../libglut.so: undefined reference to `XGetExtensionVersion'
/usr/lib/gcc-lib/i386-redhat-linux/3.2.2/../../../libglut.so: undefined reference to `XFreeDeviceList'
/usr/lib/gcc-lib/i386-redhat-linux/3.2.2/../../../libglut.so: undefined reference to `XQueryDeviceState'
/usr/lib/gcc-lib/i386-redhat-linux/3.2.2/../../../libglut.so: undefined reference to `XListInputDevices'
/usr/lib/gcc-lib/i386-redhat-linux/3.2.2/../../../libglut.so: undefined reference to `XFreeDeviceState'
/usr/lib/gcc-lib/i386-redhat-linux/3.2.2/../../../libglut.so: undefined reference to `XOpenDevice'
/usr/lib/gcc-lib/i386-redhat-linux/3.2.2/../../../libglut.so: undefined reference to `XmuLookupStandardColormap'
/usr/lib/gcc-lib/i386-redhat-linux/3.2.2/../../../libglut.so: undefined reference to `XSelectExtensionEvent'
collect2: ld returned 1 exit status
configure:6115: $? = 1
configure: failed program was:
| #line 6088 "configure"
| /* confdefs.h.  */
| 
| #define PACKAGE_NAME ""
| #define PACKAGE_TARNAME ""
| #define PACKAGE_VERSION ""
| #define PACKAGE_STRING ""
| #define PACKAGE_BUGREPORT ""
| #define PACKAGE "cx3d"
| #define VERSION "1.0"
| #ifdef __cplusplus
| #include <stdlib.h>
| #endif
| #define STDC_HEADERS 1
| #define HAVE_SYS_TYPES_H 1
| #define HAVE_SYS_STAT_H 1
| #define HAVE_STDLIB_H 1
| #define HAVE_STRING_H 1
| #define HAVE_MEMORY_H 1
| #define HAVE_STRINGS_H 1
| #define HAVE_INTTYPES_H 1
| #define HAVE_STDINT_H 1
| #define HAVE_UNISTD_H 1
| #define HAVE_XERCESC_UTIL_XERCESVERSION_HPP 1
| #define SUPPORT_X3D 1
| #define HAVE_LIBXERCES_C 1
| #define SUPPORT_OPENGL 1
| #define HAVE_LIBGL 1
| #define HAVE_LIBGLU 1
| #define SUPPORT_GLUT 1
| #define SUPPORT_PNG 1
| #define SUPPORT_JPEG 1
| #define STDC_HEADERS 1
| #define HAVE_FLOAT_H 1
| #define HAVE_MEMORY_H 1
| #define HAVE_STDDEF_H 1
| #define HAVE_STDLIB_H 1
| #define HAVE_STRING_H 1
| #define HAVE_SYS_TIME_H 1
| #define HAVE_SYS_TIMEB_H 1
| #define TIME_WITH_SYS_TIME 1
| /* end confdefs.h.  */
| 
| /* Override any gcc2 internal prototype to avoid an error.  */
| #ifdef __cplusplus
| extern "C"
| #endif
| /* We use char because int might match the return type of a gcc2
|    builtin and then its argument prototype would still apply.  */
| char XOpenDisplay ();
| int
| main ()
| {
| XOpenDisplay ();
|   ;
|   return 0;
| }
configure:6128: checking for dnet_ntoa in -ldnet
configure:6159: gcc -o conftest -g -O2   conftest.c -ldnet  -lGLU -lGL -lxerces-c  -lglut -lpng -ljpeg  -L/usr/X11R6/lib -lX11 >&5
/usr/bin/ld: cannot find -ldnet
collect2: ld returned 1 exit status
configure:6162: $? = 1
configure: failed program was:
| #line 6135 "configure"
| /* confdefs.h.  */
| 
| #define PACKAGE_NAME ""
| #define PACKAGE_TARNAME ""
| #define PACKAGE_VERSION ""
| #define PACKAGE_STRING ""
| #define PACKAGE_BUGREPORT ""
| #define PACKAGE "cx3d"
| #define VERSION "1.0"
| #ifdef __cplusplus
| #include <stdlib.h>
| #endif
| #define STDC_HEADERS 1
| #define HAVE_SYS_TYPES_H 1
| #define HAVE_SYS_STAT_H 1
| #define HAVE_STDLIB_H 1
| #define HAVE_STRING_H 1
| #define HAVE_MEMORY_H 1
| #define HAVE_STRINGS_H 1
| #define HAVE_INTTYPES_H 1
| #define HAVE_STDINT_H 1
| #define HAVE_UNISTD_H 1
| #define HAVE_XERCESC_UTIL_XERCESVERSION_HPP 1
| #define SUPPORT_X3D 1
| #define HAVE_LIBXERCES_C 1
| #define SUPPORT_OPENGL 1
| #define HAVE_LIBGL 1
| #define HAVE_LIBGLU 1
| #define SUPPORT_GLUT 1
| #define SUPPORT_PNG 1
| #define SUPPORT_JPEG 1
| #define STDC_HEADERS 1
| #define HAVE_FLOAT_H 1
| #define HAVE_MEMORY_H 1
| #define HAVE_STDDEF_H 1
| #define HAVE_STDLIB_H 1
| #define HAVE_STRING_H 1
| #define HAVE_SYS_TIME_H 1
| #define HAVE_SYS_TIMEB_H 1
| #define TIME_WITH_SYS_TIME 1
| /* end confdefs.h.  */
| 
| /* Override any gcc2 internal prototype to avoid an error.  */
| #ifdef __cplusplus
| extern "C"
| #endif
| /* We use char because int might match the return type of a gcc2
|    builtin and then its argument prototype would still apply.  */
| char dnet_ntoa ();
| int
| main ()
| {
| dnet_ntoa ();
|   ;
|   return 0;
| }
configure:6180: result: no
configure:6187: checking for dnet_ntoa in -ldnet_stub
configure:6218: gcc -o conftest -g -O2   conftest.c -ldnet_stub  -lGLU -lGL -lxerces-c  -lglut -lpng -ljpeg  -L/usr/X11R6/lib -lX11 >&5
/usr/bin/ld: cannot find -ldnet_stub
collect2: ld returned 1 exit status
configure:6221: $? = 1
configure: failed program was:
| #line 6194 "configure"
| /* confdefs.h.  */
| 
| #define PACKAGE_NAME ""
| #define PACKAGE_TARNAME ""
| #define PACKAGE_VERSION ""
| #define PACKAGE_STRING ""
| #define PACKAGE_BUGREPORT ""
| #define PACKAGE "cx3d"
| #define VERSION "1.0"
| #ifdef __cplusplus
| #include <stdlib.h>
| #endif
| #define STDC_HEADERS 1
| #define HAVE_SYS_TYPES_H 1
| #define HAVE_SYS_STAT_H 1
| #define HAVE_STDLIB_H 1
| #define HAVE_STRING_H 1
| #define HAVE_MEMORY_H 1
| #define HAVE_STRINGS_H 1
| #define HAVE_INTTYPES_H 1
| #define HAVE_STDINT_H 1
| #define HAVE_UNISTD_H 1
| #define HAVE_XERCESC_UTIL_XERCESVERSION_HPP 1
| #define SUPPORT_X3D 1
| #define HAVE_LIBXERCES_C 1
| #define SUPPORT_OPENGL 1
| #define HAVE_LIBGL 1
| #define HAVE_LIBGLU 1
| #define SUPPORT_GLUT 1
| #define SUPPORT_PNG 1
| #define SUPPORT_JPEG 1
| #define STDC_HEADERS 1
| #define HAVE_FLOAT_H 1
| #define HAVE_MEMORY_H 1
| #define HAVE_STDDEF_H 1
| #define HAVE_STDLIB_H 1
| #define HAVE_STRING_H 1
| #define HAVE_SYS_TIME_H 1
| #define HAVE_SYS_TIMEB_H 1
| #define TIME_WITH_SYS_TIME 1
| /* end confdefs.h.  */
| 
| /* Override any gcc2 internal prototype to avoid an error.  */
| #ifdef __cplusplus
| extern "C"
| #endif
| /* We use char because int might match the return type of a gcc2
|    builtin and then its argument prototype would still apply.  */
| char dnet_ntoa ();
| int
| main ()
| {
| dnet_ntoa ();
|   ;
|   return 0;
| }
configure:6239: result: no
configure:6258: checking for gethostbyname
configure:6308: gcc -o conftest -g -O2   conftest.c -lGLU -lGL -lxerces-c  -lglut -lpng -ljpeg >&5
/usr/lib/gcc-lib/i386-redhat-linux/3.2.2/../../../libglut.so: undefined reference to `XGetExtensionVersion'
/usr/lib/gcc-lib/i386-redhat-linux/3.2.2/../../../libglut.so: undefined reference to `XFreeDeviceList'
/usr/lib/gcc-lib/i386-redhat-linux/3.2.2/../../../libglut.so: undefined reference to `XQueryDeviceState'
/usr/lib/gcc-lib/i386-redhat-linux/3.2.2/../../../libglut.so: undefined reference to `XListInputDevices'
/usr/lib/gcc-lib/i386-redhat-linux/3.2.2/../../../libglut.so: undefined reference to `XFreeDeviceState'
/usr/lib/gcc-lib/i386-redhat-linux/3.2.2/../../../libglut.so: undefined reference to `XOpenDevice'
/usr/lib/gcc-lib/i386-redhat-linux/3.2.2/../../../libglut.so: undefined reference to `XmuLookupStandardColormap'
/usr/lib/gcc-lib/i386-redhat-linux/3.2.2/../../../libglut.so: undefined reference to `XSelectExtensionEvent'
collect2: ld returned 1 exit status
configure:6311: $? = 1
configure: failed program was:
| #line 6263 "configure"
| /* confdefs.h.  */
| 
| #define PACKAGE_NAME ""
| #define PACKAGE_TARNAME ""
| #define PACKAGE_VERSION ""
| #define PACKAGE_STRING ""
| #define PACKAGE_BUGREPORT ""
| #define PACKAGE "cx3d"
| #define VERSION "1.0"
| #ifdef __cplusplus
| #include <stdlib.h>
| #endif
| #define STDC_HEADERS 1
| #define HAVE_SYS_TYPES_H 1
| #define HAVE_SYS_STAT_H 1
| #define HAVE_STDLIB_H 1
| #define HAVE_STRING_H 1
| #define HAVE_MEMORY_H 1
| #define HAVE_STRINGS_H 1
| #define HAVE_INTTYPES_H 1
| #define HAVE_STDINT_H 1
| #define HAVE_UNISTD_H 1
| #define HAVE_XERCESC_UTIL_XERCESVERSION_HPP 1
| #define SUPPORT_X3D 1
| #define HAVE_LIBXERCES_C 1
| #define SUPPORT_OPENGL 1
| #define HAVE_LIBGL 1
| #define HAVE_LIBGLU 1
| #define SUPPORT_GLUT 1
| #define SUPPORT_PNG 1
| #define SUPPORT_JPEG 1
| #define STDC_HEADERS 1
| #define HAVE_FLOAT_H 1
| #define HAVE_MEMORY_H 1
| #define HAVE_STDDEF_H 1
| #define HAVE_STDLIB_H 1
| #define HAVE_STRING_H 1
| #define HAVE_SYS_TIME_H 1
| #define HAVE_SYS_TIMEB_H 1
| #define TIME_WITH_SYS_TIME 1
| /* end confdefs.h.  */
| /* System header to define __stub macros and hopefully few prototypes,
|     which can conflict with char gethostbyname (); below.
|     Prefer <limits.h> to <assert.h> if __STDC__ is defined, since
|     <limits.h> exists even on freestanding compilers.  */
| #ifdef __STDC__
| # include <limits.h>
| #else
| # include <assert.h>
| #endif
| /* Override any gcc2 internal prototype to avoid an error.  */
| #ifdef __cplusplus
| extern "C"
| {
| #endif
| /* We use char because int might match the return type of a gcc2
|    builtin and then its argument prototype would still apply.  */
| char gethostbyname ();
| /* The GNU C library defines this for functions which it implements
|     to always fail with ENOSYS.  Some functions are actually named
|     something starting with __ and the normal name is an alias.  */
| #if defined (__stub_gethostbyname) || defined (__stub___gethostbyname)
| choke me
| #else
| char (*f) () = gethostbyname;
| #endif
| #ifdef __cplusplus
| }
| #endif
| 
| int
| main ()
| {
| return f != gethostbyname;
|   ;
|   return 0;
| }
configure:6328: result: no
configure:6332: checking for gethostbyname in -lnsl
configure:6363: gcc -o conftest -g -O2   conftest.c -lnsl  -lGLU -lGL -lxerces-c  -lglut -lpng -ljpeg >&5
/usr/lib/gcc-lib/i386-redhat-linux/3.2.2/../../../libglut.so: undefined reference to `XGetExtensionVersion'
/usr/lib/gcc-lib/i386-redhat-linux/3.2.2/../../../libglut.so: undefined reference to `XFreeDeviceList'
/usr/lib/gcc-lib/i386-redhat-linux/3.2.2/../../../libglut.so: undefined reference to `XQueryDeviceState'
/usr/lib/gcc-lib/i386-redhat-linux/3.2.2/../../../libglut.so: undefined reference to `XListInputDevices'
/usr/lib/gcc-lib/i386-redhat-linux/3.2.2/../../../libglut.so: undefined reference to `XFreeDeviceState'
/usr/lib/gcc-lib/i386-redhat-linux/3.2.2/../../../libglut.so: undefined reference to `XOpenDevice'
/usr/lib/gcc-lib/i386-redhat-linux/3.2.2/../../../libglut.so: undefined reference to `XmuLookupStandardColormap'
/usr/lib/gcc-lib/i386-redhat-linux/3.2.2/../../../libglut.so: undefined reference to `XSelectExtensionEvent'
collect2: ld returned 1 exit status
configure:6366: $? = 1
configure: failed program was:
| #line 6339 "configure"
| /* confdefs.h.  */
| 
| #define PACKAGE_NAME ""
| #define PACKAGE_TARNAME ""
| #define PACKAGE_VERSION ""
| #define PACKAGE_STRING ""
| #define PACKAGE_BUGREPORT ""
| #define PACKAGE "cx3d"
| #define VERSION "1.0"
| #ifdef __cplusplus
| #include <stdlib.h>
| #endif
| #define STDC_HEADERS 1
| #define HAVE_SYS_TYPES_H 1
| #define HAVE_SYS_STAT_H 1
| #define HAVE_STDLIB_H 1
| #define HAVE_STRING_H 1
| #define HAVE_MEMORY_H 1
| #define HAVE_STRINGS_H 1
| #define HAVE_INTTYPES_H 1
| #define HAVE_STDINT_H 1
| #define HAVE_UNISTD_H 1
| #define HAVE_XERCESC_UTIL_XERCESVERSION_HPP 1
| #define SUPPORT_X3D 1
| #define HAVE_LIBXERCES_C 1
| #define SUPPORT_OPENGL 1
| #define HAVE_LIBGL 1
| #define HAVE_LIBGLU 1
| #define SUPPORT_GLUT 1
| #define SUPPORT_PNG 1
| #define SUPPORT_JPEG 1
| #define STDC_HEADERS 1
| #define HAVE_FLOAT_H 1
| #define HAVE_MEMORY_H 1
| #define HAVE_STDDEF_H 1
| #define HAVE_STDLIB_H 1
| #define HAVE_STRING_H 1
| #define HAVE_SYS_TIME_H 1
| #define HAVE_SYS_TIMEB_H 1
| #define TIME_WITH_SYS_TIME 1
| /* end confdefs.h.  */
| 
| /* Override any gcc2 internal prototype to avoid an error.  */
| #ifdef __cplusplus
| extern "C"
| #endif
| /* We use char because int might match the return type of a gcc2
|    builtin and then its argument prototype would still apply.  */
| char gethostbyname ();
| int
| main ()
| {
| gethostbyname ();
|   ;
|   return 0;
| }
configure:6384: result: no
configure:6391: checking for gethostbyname in -lbsd
configure:6422: gcc -o conftest -g -O2   conftest.c -lbsd  -lGLU -lGL -lxerces-c  -lglut -lpng -ljpeg >&5
/usr/lib/gcc-lib/i386-redhat-linux/3.2.2/../../../libglut.so: undefined reference to `XGetExtensionVersion'
/usr/lib/gcc-lib/i386-redhat-linux/3.2.2/../../../libglut.so: undefined reference to `XFreeDeviceList'
/usr/lib/gcc-lib/i386-redhat-linux/3.2.2/../../../libglut.so: undefined reference to `XQueryDeviceState'
/usr/lib/gcc-lib/i386-redhat-linux/3.2.2/../../../libglut.so: undefined reference to `XListInputDevices'
/usr/lib/gcc-lib/i386-redhat-linux/3.2.2/../../../libglut.so: undefined reference to `XFreeDeviceState'
/usr/lib/gcc-lib/i386-redhat-linux/3.2.2/../../../libglut.so: undefined reference to `XOpenDevice'
/usr/lib/gcc-lib/i386-redhat-linux/3.2.2/../../../libglut.so: undefined reference to `XmuLookupStandardColormap'
/usr/lib/gcc-lib/i386-redhat-linux/3.2.2/../../../libglut.so: undefined reference to `XSelectExtensionEvent'
collect2: ld returned 1 exit status
configure:6425: $? = 1
configure: failed program was:
| #line 6398 "configure"
| /* confdefs.h.  */
| 
| #define PACKAGE_NAME ""
| #define PACKAGE_TARNAME ""
| #define PACKAGE_VERSION ""
| #define PACKAGE_STRING ""
| #define PACKAGE_BUGREPORT ""
| #define PACKAGE "cx3d"
| #define VERSION "1.0"
| #ifdef __cplusplus
| #include <stdlib.h>
| #endif
| #define STDC_HEADERS 1
| #define HAVE_SYS_TYPES_H 1
| #define HAVE_SYS_STAT_H 1
| #define HAVE_STDLIB_H 1
| #define HAVE_STRING_H 1
| #define HAVE_MEMORY_H 1
| #define HAVE_STRINGS_H 1
| #define HAVE_INTTYPES_H 1
| #define HAVE_STDINT_H 1
| #define HAVE_UNISTD_H 1
| #define HAVE_XERCESC_UTIL_XERCESVERSION_HPP 1
| #define SUPPORT_X3D 1
| #define HAVE_LIBXERCES_C 1
| #define SUPPORT_OPENGL 1
| #define HAVE_LIBGL 1
| #define HAVE_LIBGLU 1
| #define SUPPORT_GLUT 1
| #define SUPPORT_PNG 1
| #define SUPPORT_JPEG 1
| #define STDC_HEADERS 1
| #define HAVE_FLOAT_H 1
| #define HAVE_MEMORY_H 1
| #define HAVE_STDDEF_H 1
| #define HAVE_STDLIB_H 1
| #define HAVE_STRING_H 1
| #define HAVE_SYS_TIME_H 1
| #define HAVE_SYS_TIMEB_H 1
| #define TIME_WITH_SYS_TIME 1
| /* end confdefs.h.  */
| 
| /* Override any gcc2 internal prototype to avoid an error.  */
| #ifdef __cplusplus
| extern "C"
| #endif
| /* We use char because int might match the return type of a gcc2
|    builtin and then its argument prototype would still apply.  */
| char gethostbyname ();
| int
| main ()
| {
| gethostbyname ();
|   ;
|   return 0;
| }
configure:6443: result: no
configure:6459: checking for connect
configure:6509: gcc -o conftest -g -O2   conftest.c -lGLU -lGL -lxerces-c  -lglut -lpng -ljpeg >&5
/usr/lib/gcc-lib/i386-redhat-linux/3.2.2/../../../libglut.so: undefined reference to `XGetExtensionVersion'
/usr/lib/gcc-lib/i386-redhat-linux/3.2.2/../../../libglut.so: undefined reference to `XFreeDeviceList'
/usr/lib/gcc-lib/i386-redhat-linux/3.2.2/../../../libglut.so: undefined reference to `XQueryDeviceState'
/usr/lib/gcc-lib/i386-redhat-linux/3.2.2/../../../libglut.so: undefined reference to `XListInputDevices'
/usr/lib/gcc-lib/i386-redhat-linux/3.2.2/../../../libglut.so: undefined reference to `XFreeDeviceState'
/usr/lib/gcc-lib/i386-redhat-linux/3.2.2/../../../libglut.so: undefined reference to `XOpenDevice'
/usr/lib/gcc-lib/i386-redhat-linux/3.2.2/../../../libglut.so: undefined reference to `XmuLookupStandardColormap'
/usr/lib/gcc-lib/i386-redhat-linux/3.2.2/../../../libglut.so: undefined reference to `XSelectExtensionEvent'
collect2: ld returned 1 exit status
configure:6512: $? = 1
configure: failed program was:
| #line 6464 "configure"
| /* confdefs.h.  */
| 
| #define PACKAGE_NAME ""
| #define PACKAGE_TARNAME ""
| #define PACKAGE_VERSION ""
| #define PACKAGE_STRING ""
| #define PACKAGE_BUGREPORT ""
| #define PACKAGE "cx3d"
| #define VERSION "1.0"
| #ifdef __cplusplus
| #include <stdlib.h>
| #endif
| #define STDC_HEADERS 1
| #define HAVE_SYS_TYPES_H 1
| #define HAVE_SYS_STAT_H 1
| #define HAVE_STDLIB_H 1
| #define HAVE_STRING_H 1
| #define HAVE_MEMORY_H 1
| #define HAVE_STRINGS_H 1
| #define HAVE_INTTYPES_H 1
| #define HAVE_STDINT_H 1
| #define HAVE_UNISTD_H 1
| #define HAVE_XERCESC_UTIL_XERCESVERSION_HPP 1
| #define SUPPORT_X3D 1
| #define HAVE_LIBXERCES_C 1
| #define SUPPORT_OPENGL 1
| #define HAVE_LIBGL 1
| #define HAVE_LIBGLU 1
| #define SUPPORT_GLUT 1
| #define SUPPORT_PNG 1
| #define SUPPORT_JPEG 1
| #define STDC_HEADERS 1
| #define HAVE_FLOAT_H 1
| #define HAVE_MEMORY_H 1
| #define HAVE_STDDEF_H 1
| #define HAVE_STDLIB_H 1
| #define HAVE_STRING_H 1
| #define HAVE_SYS_TIME_H 1
| #define HAVE_SYS_TIMEB_H 1
| #define TIME_WITH_SYS_TIME 1
| /* end confdefs.h.  */
| /* System header to define __stub macros and hopefully few prototypes,
|     which can conflict with char connect (); below.
|     Prefer <limits.h> to <assert.h> if __STDC__ is defined, since
|     <limits.h> exists even on freestanding compilers.  */
| #ifdef __STDC__
| # include <limits.h>
| #else
| # include <assert.h>
| #endif
| /* Override any gcc2 internal prototype to avoid an error.  */
| #ifdef __cplusplus
| extern "C"
| {
| #endif
| /* We use char because int might match the return type of a gcc2
|    builtin and then its argument prototype would still apply.  */
| char connect ();
| /* The GNU C library defines this for functions which it implements
|     to always fail with ENOSYS.  Some functions are actually named
|     something starting with __ and the normal name is an alias.  */
| #if defined (__stub_connect) || defined (__stub___connect)
| choke me
| #else
| char (*f) () = connect;
| #endif
| #ifdef __cplusplus
| }
| #endif
| 
| int
| main ()
| {
| return f != connect;
|   ;
|   return 0;
| }
configure:6529: result: no
configure:6533: checking for connect in -lsocket
configure:6564: gcc -o conftest -g -O2   conftest.c -lsocket  -lGLU -lGL -lxerces-c  -lglut -lpng -ljpeg >&5
/usr/bin/ld: cannot find -lsocket
collect2: ld returned 1 exit status
configure:6567: $? = 1
configure: failed program was:
| #line 6540 "configure"
| /* confdefs.h.  */
| 
| #define PACKAGE_NAME ""
| #define PACKAGE_TARNAME ""
| #define PACKAGE_VERSION ""
| #define PACKAGE_STRING ""
| #define PACKAGE_BUGREPORT ""
| #define PACKAGE "cx3d"
| #define VERSION "1.0"
| #ifdef __cplusplus
| #include <stdlib.h>
| #endif
| #define STDC_HEADERS 1
| #define HAVE_SYS_TYPES_H 1
| #define HAVE_SYS_STAT_H 1
| #define HAVE_STDLIB_H 1
| #define HAVE_STRING_H 1
| #define HAVE_MEMORY_H 1
| #define HAVE_STRINGS_H 1
| #define HAVE_INTTYPES_H 1
| #define HAVE_STDINT_H 1
| #define HAVE_UNISTD_H 1
| #define HAVE_XERCESC_UTIL_XERCESVERSION_HPP 1
| #define SUPPORT_X3D 1
| #define HAVE_LIBXERCES_C 1
| #define SUPPORT_OPENGL 1
| #define HAVE_LIBGL 1
| #define HAVE_LIBGLU 1
| #define SUPPORT_GLUT 1
| #define SUPPORT_PNG 1
| #define SUPPORT_JPEG 1
| #define STDC_HEADERS 1
| #define HAVE_FLOAT_H 1
| #define HAVE_MEMORY_H 1
| #define HAVE_STDDEF_H 1
| #define HAVE_STDLIB_H 1
| #define HAVE_STRING_H 1
| #define HAVE_SYS_TIME_H 1
| #define HAVE_SYS_TIMEB_H 1
| #define TIME_WITH_SYS_TIME 1
| /* end confdefs.h.  */
| 
| /* Override any gcc2 internal prototype to avoid an error.  */
| #ifdef __cplusplus
| extern "C"
| #endif
| /* We use char because int might match the return type of a gcc2
|    builtin and then its argument prototype would still apply.  */
| char connect ();
| int
| main ()
| {
| connect ();
|   ;
|   return 0;
| }
configure:6585: result: no
configure:6594: checking for remove
configure:6644: gcc -o conftest -g -O2   conftest.c -lGLU -lGL -lxerces-c  -lglut -lpng -ljpeg >&5
/usr/lib/gcc-lib/i386-redhat-linux/3.2.2/../../../libglut.so: undefined reference to `XGetExtensionVersion'
/usr/lib/gcc-lib/i386-redhat-linux/3.2.2/../../../libglut.so: undefined reference to `XFreeDeviceList'
/usr/lib/gcc-lib/i386-redhat-linux/3.2.2/../../../libglut.so: undefined reference to `XQueryDeviceState'
/usr/lib/gcc-lib/i386-redhat-linux/3.2.2/../../../libglut.so: undefined reference to `XListInputDevices'
/usr/lib/gcc-lib/i386-redhat-linux/3.2.2/../../../libglut.so: undefined reference to `XFreeDeviceState'
/usr/lib/gcc-lib/i386-redhat-linux/3.2.2/../../../libglut.so: undefined reference to `XOpenDevice'
/usr/lib/gcc-lib/i386-redhat-linux/3.2.2/../../../libglut.so: undefined reference to `XmuLookupStandardColormap'
/usr/lib/gcc-lib/i386-redhat-linux/3.2.2/../../../libglut.so: undefined reference to `XSelectExtensionEvent'
collect2: ld returned 1 exit status
configure:6647: $? = 1
configure: failed program was:
| #line 6599 "configure"
| /* confdefs.h.  */
| 
| #define PACKAGE_NAME ""
| #define PACKAGE_TARNAME ""
| #define PACKAGE_VERSION ""
| #define PACKAGE_STRING ""
| #define PACKAGE_BUGREPORT ""
| #define PACKAGE "cx3d"
| #define VERSION "1.0"
| #ifdef __cplusplus
| #include <stdlib.h>
| #endif
| #define STDC_HEADERS 1
| #define HAVE_SYS_TYPES_H 1
| #define HAVE_SYS_STAT_H 1
| #define HAVE_STDLIB_H 1
| #define HAVE_STRING_H 1
| #define HAVE_MEMORY_H 1
| #define HAVE_STRINGS_H 1
| #define HAVE_INTTYPES_H 1
| #define HAVE_STDINT_H 1
| #define HAVE_UNISTD_H 1
| #define HAVE_XERCESC_UTIL_XERCESVERSION_HPP 1
| #define SUPPORT_X3D 1
| #define HAVE_LIBXERCES_C 1
| #define SUPPORT_OPENGL 1
| #define HAVE_LIBGL 1
| #define HAVE_LIBGLU 1
| #define SUPPORT_GLUT 1
| #define SUPPORT_PNG 1
| #define SUPPORT_JPEG 1
| #define STDC_HEADERS 1
| #define HAVE_FLOAT_H 1
| #define HAVE_MEMORY_H 1
| #define HAVE_STDDEF_H 1
| #define HAVE_STDLIB_H 1
| #define HAVE_STRING_H 1
| #define HAVE_SYS_TIME_H 1
| #define HAVE_SYS_TIMEB_H 1
| #define TIME_WITH_SYS_TIME 1
| /* end confdefs.h.  */
| /* System header to define __stub macros and hopefully few prototypes,
|     which can conflict with char remove (); below.
|     Prefer <limits.h> to <assert.h> if __STDC__ is defined, since
|     <limits.h> exists even on freestanding compilers.  */
| #ifdef __STDC__
| # include <limits.h>
| #else
| # include <assert.h>
| #endif
| /* Override any gcc2 internal prototype to avoid an error.  */
| #ifdef __cplusplus
| extern "C"
| {
| #endif
| /* We use char because int might match the return type of a gcc2
|    builtin and then its argument prototype would still apply.  */
| char remove ();
| /* The GNU C library defines this for functions which it implements
|     to always fail with ENOSYS.  Some functions are actually named
|     something starting with __ and the normal name is an alias.  */
| #if defined (__stub_remove) || defined (__stub___remove)
| choke me
| #else
| char (*f) () = remove;
| #endif
| #ifdef __cplusplus
| }
| #endif
| 
| int
| main ()
| {
| return f != remove;
|   ;
|   return 0;
| }
configure:6664: result: no
configure:6668: checking for remove in -lposix
configure:6699: gcc -o conftest -g -O2   conftest.c -lposix  -lGLU -lGL -lxerces-c  -lglut -lpng -ljpeg >&5
/usr/bin/ld: cannot find -lposix
collect2: ld returned 1 exit status
configure:6702: $? = 1
configure: failed program was:
| #line 6675 "configure"
| /* confdefs.h.  */
| 
| #define PACKAGE_NAME ""
| #define PACKAGE_TARNAME ""
| #define PACKAGE_VERSION ""
| #define PACKAGE_STRING ""
| #define PACKAGE_BUGREPORT ""
| #define PACKAGE "cx3d"
| #define VERSION "1.0"
| #ifdef __cplusplus
| #include <stdlib.h>
| #endif
| #define STDC_HEADERS 1
| #define HAVE_SYS_TYPES_H 1
| #define HAVE_SYS_STAT_H 1
| #define HAVE_STDLIB_H 1
| #define HAVE_STRING_H 1
| #define HAVE_MEMORY_H 1
| #define HAVE_STRINGS_H 1
| #define HAVE_INTTYPES_H 1
| #define HAVE_STDINT_H 1
| #define HAVE_UNISTD_H 1
| #define HAVE_XERCESC_UTIL_XERCESVERSION_HPP 1
| #define SUPPORT_X3D 1
| #define HAVE_LIBXERCES_C 1
| #define SUPPORT_OPENGL 1
| #define HAVE_LIBGL 1
| #define HAVE_LIBGLU 1
| #define SUPPORT_GLUT 1
| #define SUPPORT_PNG 1
| #define SUPPORT_JPEG 1
| #define STDC_HEADERS 1
| #define HAVE_FLOAT_H 1
| #define HAVE_MEMORY_H 1
| #define HAVE_STDDEF_H 1
| #define HAVE_STDLIB_H 1
| #define HAVE_STRING_H 1
| #define HAVE_SYS_TIME_H 1
| #define HAVE_SYS_TIMEB_H 1
| #define TIME_WITH_SYS_TIME 1
| /* end confdefs.h.  */
| 
| /* Override any gcc2 internal prototype to avoid an error.  */
| #ifdef __cplusplus
| extern "C"
| #endif
| /* We use char because int might match the return type of a gcc2
|    builtin and then its argument prototype would still apply.  */
| char remove ();
| int
| main ()
| {
| remove ();
|   ;
|   return 0;
| }
configure:6720: result: no
configure:6729: checking for shmat
configure:6779: gcc -o conftest -g -O2   conftest.c -lGLU -lGL -lxerces-c  -lglut -lpng -ljpeg >&5
/usr/lib/gcc-lib/i386-redhat-linux/3.2.2/../../../libglut.so: undefined reference to `XGetExtensionVersion'
/usr/lib/gcc-lib/i386-redhat-linux/3.2.2/../../../libglut.so: undefined reference to `XFreeDeviceList'
/usr/lib/gcc-lib/i386-redhat-linux/3.2.2/../../../libglut.so: undefined reference to `XQueryDeviceState'
/usr/lib/gcc-lib/i386-redhat-linux/3.2.2/../../../libglut.so: undefined reference to `XListInputDevices'
/usr/lib/gcc-lib/i386-redhat-linux/3.2.2/../../../libglut.so: undefined reference to `XFreeDeviceState'
/usr/lib/gcc-lib/i386-redhat-linux/3.2.2/../../../libglut.so: undefined reference to `XOpenDevice'
/usr/lib/gcc-lib/i386-redhat-linux/3.2.2/../../../libglut.so: undefined reference to `XmuLookupStandardColormap'
/usr/lib/gcc-lib/i386-redhat-linux/3.2.2/../../../libglut.so: undefined reference to `XSelectExtensionEvent'
collect2: ld returned 1 exit status
configure:6782: $? = 1
configure: failed program was:
| #line 6734 "configure"
| /* confdefs.h.  */
| 
| #define PACKAGE_NAME ""
| #define PACKAGE_TARNAME ""
| #define PACKAGE_VERSION ""
| #define PACKAGE_STRING ""
| #define PACKAGE_BUGREPORT ""
| #define PACKAGE "cx3d"
| #define VERSION "1.0"
| #ifdef __cplusplus
| #include <stdlib.h>
| #endif
| #define STDC_HEADERS 1
| #define HAVE_SYS_TYPES_H 1
| #define HAVE_SYS_STAT_H 1
| #define HAVE_STDLIB_H 1
| #define HAVE_STRING_H 1
| #define HAVE_MEMORY_H 1
| #define HAVE_STRINGS_H 1
| #define HAVE_INTTYPES_H 1
| #define HAVE_STDINT_H 1
| #define HAVE_UNISTD_H 1
| #define HAVE_XERCESC_UTIL_XERCESVERSION_HPP 1
| #define SUPPORT_X3D 1
| #define HAVE_LIBXERCES_C 1
| #define SUPPORT_OPENGL 1
| #define HAVE_LIBGL 1
| #define HAVE_LIBGLU 1
| #define SUPPORT_GLUT 1
| #define SUPPORT_PNG 1
| #define SUPPORT_JPEG 1
| #define STDC_HEADERS 1
| #define HAVE_FLOAT_H 1
| #define HAVE_MEMORY_H 1
| #define HAVE_STDDEF_H 1
| #define HAVE_STDLIB_H 1
| #define HAVE_STRING_H 1
| #define HAVE_SYS_TIME_H 1
| #define HAVE_SYS_TIMEB_H 1
| #define TIME_WITH_SYS_TIME 1
| /* end confdefs.h.  */
| /* System header to define __stub macros and hopefully few prototypes,
|     which can conflict with char shmat (); below.
|     Prefer <limits.h> to <assert.h> if __STDC__ is defined, since
|     <limits.h> exists even on freestanding compilers.  */
| #ifdef __STDC__
| # include <limits.h>
| #else
| # include <assert.h>
| #endif
| /* Override any gcc2 internal prototype to avoid an error.  */
| #ifdef __cplusplus
| extern "C"
| {
| #endif
| /* We use char because int might match the return type of a gcc2
|    builtin and then its argument prototype would still apply.  */
| char shmat ();
| /* The GNU C library defines this for functions which it implements
|     to always fail with ENOSYS.  Some functions are actually named
|     something starting with __ and the normal name is an alias.  */
| #if defined (__stub_shmat) || defined (__stub___shmat)
| choke me
| #else
| char (*f) () = shmat;
| #endif
| #ifdef __cplusplus
| }
| #endif
| 
| int
| main ()
| {
| return f != shmat;
|   ;
|   return 0;
| }
configure:6799: result: no
configure:6803: checking for shmat in -lipc
configure:6834: gcc -o conftest -g -O2   conftest.c -lipc  -lGLU -lGL -lxerces-c  -lglut -lpng -ljpeg >&5
/usr/bin/ld: cannot find -lipc
collect2: ld returned 1 exit status
configure:6837: $? = 1
configure: failed program was:
| #line 6810 "configure"
| /* confdefs.h.  */
| 
| #define PACKAGE_NAME ""
| #define PACKAGE_TARNAME ""
| #define PACKAGE_VERSION ""
| #define PACKAGE_STRING ""
| #define PACKAGE_BUGREPORT ""
| #define PACKAGE "cx3d"
| #define VERSION "1.0"
| #ifdef __cplusplus
| #include <stdlib.h>
| #endif
| #define STDC_HEADERS 1
| #define HAVE_SYS_TYPES_H 1
| #define HAVE_SYS_STAT_H 1
| #define HAVE_STDLIB_H 1
| #define HAVE_STRING_H 1
| #define HAVE_MEMORY_H 1
| #define HAVE_STRINGS_H 1
| #define HAVE_INTTYPES_H 1
| #define HAVE_STDINT_H 1
| #define HAVE_UNISTD_H 1
| #define HAVE_XERCESC_UTIL_XERCESVERSION_HPP 1
| #define SUPPORT_X3D 1
| #define HAVE_LIBXERCES_C 1
| #define SUPPORT_OPENGL 1
| #define HAVE_LIBGL 1
| #define HAVE_LIBGLU 1
| #define SUPPORT_GLUT 1
| #define SUPPORT_PNG 1
| #define SUPPORT_JPEG 1
| #define STDC_HEADERS 1
| #define HAVE_FLOAT_H 1
| #define HAVE_MEMORY_H 1
| #define HAVE_STDDEF_H 1
| #define HAVE_STDLIB_H 1
| #define HAVE_STRING_H 1
| #define HAVE_SYS_TIME_H 1
| #define HAVE_SYS_TIMEB_H 1
| #define TIME_WITH_SYS_TIME 1
| /* end confdefs.h.  */
| 
| /* Override any gcc2 internal prototype to avoid an error.  */
| #ifdef __cplusplus
| extern "C"
| #endif
| /* We use char because int might match the return type of a gcc2
|    builtin and then its argument prototype would still apply.  */
| char shmat ();
| int
| main ()
| {
| shmat ();
|   ;
|   return 0;
| }
configure:6855: result: no
configure:6873: checking for IceConnectionNumber in -lICE
configure:6904: gcc -o conftest -g -O2   -L/usr/X11R6/lib conftest.c -lICE  -lGLU -lGL -lxerces-c  -lglut -lpng -ljpeg >&5
/usr/lib/gcc-lib/i386-redhat-linux/3.2.2/../../../libglut.so: undefined reference to `XGetExtensionVersion'
/usr/lib/gcc-lib/i386-redhat-linux/3.2.2/../../../libglut.so: undefined reference to `XFreeDeviceList'
/usr/lib/gcc-lib/i386-redhat-linux/3.2.2/../../../libglut.so: undefined reference to `XQueryDeviceState'
/usr/lib/gcc-lib/i386-redhat-linux/3.2.2/../../../libglut.so: undefined reference to `XListInputDevices'
/usr/lib/gcc-lib/i386-redhat-linux/3.2.2/../../../libglut.so: undefined reference to `XFreeDeviceState'
/usr/lib/gcc-lib/i386-redhat-linux/3.2.2/../../../libglut.so: undefined reference to `XOpenDevice'
/usr/lib/gcc-lib/i386-redhat-linux/3.2.2/../../../libglut.so: undefined reference to `XmuLookupStandardColormap'
/usr/lib/gcc-lib/i386-redhat-linux/3.2.2/../../../libglut.so: undefined reference to `XSelectExtensionEvent'
collect2: ld returned 1 exit status
configure:6907: $? = 1
configure: failed program was:
| #line 6880 "configure"
| /* confdefs.h.  */
| 
| #define PACKAGE_NAME ""
| #define PACKAGE_TARNAME ""
| #define PACKAGE_VERSION ""
| #define PACKAGE_STRING ""
| #define PACKAGE_BUGREPORT ""
| #define PACKAGE "cx3d"
| #define VERSION "1.0"
| #ifdef __cplusplus
| #include <stdlib.h>
| #endif
| #define STDC_HEADERS 1
| #define HAVE_SYS_TYPES_H 1
| #define HAVE_SYS_STAT_H 1
| #define HAVE_STDLIB_H 1
| #define HAVE_STRING_H 1
| #define HAVE_MEMORY_H 1
| #define HAVE_STRINGS_H 1
| #define HAVE_INTTYPES_H 1
| #define HAVE_STDINT_H 1
| #define HAVE_UNISTD_H 1
| #define HAVE_XERCESC_UTIL_XERCESVERSION_HPP 1
| #define SUPPORT_X3D 1
| #define HAVE_LIBXERCES_C 1
| #define SUPPORT_OPENGL 1
| #define HAVE_LIBGL 1
| #define HAVE_LIBGLU 1
| #define SUPPORT_GLUT 1
| #define SUPPORT_PNG 1
| #define SUPPORT_JPEG 1
| #define STDC_HEADERS 1
| #define HAVE_FLOAT_H 1
| #define HAVE_MEMORY_H 1
| #define HAVE_STDDEF_H 1
| #define HAVE_STDLIB_H 1
| #define HAVE_STRING_H 1
| #define HAVE_SYS_TIME_H 1
| #define HAVE_SYS_TIMEB_H 1
| #define TIME_WITH_SYS_TIME 1
| /* end confdefs.h.  */
| 
| /* Override any gcc2 internal prototype to avoid an error.  */
| #ifdef __cplusplus
| extern "C"
| #endif
| /* We use char because int might match the return type of a gcc2
|    builtin and then its argument prototype would still apply.  */
| char IceConnectionNumber ();
| int
| main ()
| {
| IceConnectionNumber ();
|   ;
|   return 0;
| }
configure:6925: result: no
configure:7039: creating ./config.status

## ---------------------- ##
## Running config.status. ##
## ---------------------- ##

This file was extended by config.status, which was
generated by GNU Autoconf 2.57.  Invocation command line was

  CONFIG_FILES    = 
  CONFIG_HEADERS  = 
  CONFIG_LINKS    = 
  CONFIG_COMMANDS = 
  $ ./config.status 

on localhost.localdomain

config.status:668: creating Makefile
config.status:668: creating lib/Makefile
config.status:668: creating lib/unix/Makefile
config.status:668: creating sample/Makefile
config.status:668: creating sample/X3DBrowser/Makefile
config.status:668: creating sample/X3DBrowser/glut/Makefile
config.status:668: creating sample/X3DBrowser/glut/unix/Makefile
config.status:668: creating sample/vrml2x3d/Makefile
config.status:668: creating sample/vrml2x3d/unix/Makefile
config.status:668: creating sample/x3d2vrml/Makefile
config.status:668: creating sample/x3d2vrml/unix/Makefile
config.status:772: creating config.h
config.status:913: config.h is unchanged
config.status:1019: executing depfiles commands

## ---------------- ##
## Cache variables. ##
## ---------------- ##

ac_cv_c_compiler_gnu=yes
ac_cv_c_const=yes
ac_cv_c_inline=inline
ac_cv_cxx_compiler_gnu=yes
ac_cv_env_CC_set=
ac_cv_env_CC_value=
ac_cv_env_CFLAGS_set=
ac_cv_env_CFLAGS_value=
ac_cv_env_CPPFLAGS_set=
ac_cv_env_CPPFLAGS_value=
ac_cv_env_CPP_set=
ac_cv_env_CPP_value=
ac_cv_env_CXXFLAGS_set=
ac_cv_env_CXXFLAGS_value=
ac_cv_env_CXX_set=
ac_cv_env_CXX_value=
ac_cv_env_LDFLAGS_set=
ac_cv_env_LDFLAGS_value=
ac_cv_env_build_alias_set=
ac_cv_env_build_alias_value=
ac_cv_env_host_alias_set=
ac_cv_env_host_alias_value=
ac_cv_env_target_alias_set=
ac_cv_env_target_alias_value=
ac_cv_exeext=
ac_cv_func_connect=no
ac_cv_func_ftime=no
ac_cv_func_gethostbyname=no
ac_cv_func_gettimeofday=no
ac_cv_func_memset=no
ac_cv_func_remove=no
ac_cv_func_shmat=no
ac_cv_func_sqrt=no
ac_cv_func_strdup=no
ac_cv_have_x='have_x=yes 		ac_x_includes=/usr/X11R6/include ac_x_libraries=/usr/X11R6/lib'
ac_cv_header_GLUT_glut_h=no
ac_cv_header_GL_gl_h=yes
ac_cv_header_GL_glut_h=yes
ac_cv_header_OpenGL_gl_h=no
ac_cv_header_float_h=yes
ac_cv_header_inttypes_h=yes
ac_cv_header_jpeglib_h=yes
ac_cv_header_memory_h=yes
ac_cv_header_png_h=yes
ac_cv_header_stdc=yes
ac_cv_header_stddef_h=yes
ac_cv_header_stdint_h=yes
ac_cv_header_stdlib_h=yes
ac_cv_header_string_h=yes
ac_cv_header_strings_h=yes
ac_cv_header_sys_stat_h=yes
ac_cv_header_sys_time_h=yes
ac_cv_header_sys_timeb_h=yes
ac_cv_header_sys_types_h=yes
ac_cv_header_time=yes
ac_cv_header_unistd_h=yes
ac_cv_header_xercesc_util_XercesVersion_hpp=yes
ac_cv_lib_GLU_gluLookAt=yes
ac_cv_lib_GL_glEnable=yes
ac_cv_lib_ICE_IceConnectionNumber=no
ac_cv_lib_bsd_gethostbyname=no
ac_cv_lib_dnet_dnet_ntoa=no
ac_cv_lib_dnet_stub_dnet_ntoa=no
ac_cv_lib_error_at_line=no
ac_cv_lib_glut_glutInit=no
ac_cv_lib_ipc_shmat=no
ac_cv_lib_jpeg_jpeg_read_header=no
ac_cv_lib_nsl_gethostbyname=no
ac_cv_lib_png_png_read_info=no
ac_cv_lib_posix_remove=no
ac_cv_lib_socket_connect=no
ac_cv_lib_xerces_c_main=yes
ac_cv_objext=o
ac_cv_path_install='/usr/bin/install -c'
ac_cv_prog_AWK=gawk
ac_cv_prog_CPP='gcc -E'
ac_cv_prog_ac_ct_CC=gcc
ac_cv_prog_ac_ct_CXX=g++
ac_cv_prog_ac_ct_RANLIB=ranlib
ac_cv_prog_cc_g=yes
ac_cv_prog_cc_stdc=
ac_cv_prog_cxx_g=yes
ac_cv_prog_egrep='grep -E'
ac_cv_prog_make_make_set=yes
ac_cv_type_size_t=yes
am_cv_CC_dependencies_compiler_type=gcc3
am_cv_CXX_dependencies_compiler_type=gcc3

## ----------------- ##
## Output variables. ##
## ----------------- ##

ACLOCAL='${SHELL} /home/skonno/src/CyberX3D/config/missing --run aclocal-1.6'
AMDEPBACKSLASH='\'
AMDEP_FALSE='#'
AMDEP_TRUE=''
AMTAR='${SHELL} /home/skonno/src/CyberX3D/config/missing --run tar'
AUTOCONF='${SHELL} /home/skonno/src/CyberX3D/config/missing --run autoconf'
AUTOHEADER='${SHELL} /home/skonno/src/CyberX3D/config/missing --run autoheader'
AUTOMAKE='${SHELL} /home/skonno/src/CyberX3D/config/missing --run automake-1.6'
AWK='gawk'
CC='gcc'
CCDEPMODE='depmode=gcc3'
CFLAGS='-g -O2'
CPP='gcc -E'
CPPFLAGS=''
CXX='g++'
CXXDEPMODE='depmode=gcc3'
CXXFLAGS='-g -O2'
DEFS='-DHAVE_CONFIG_H'
DEPDIR='.deps'
ECHO_C=''
ECHO_N='-n'
ECHO_T=''
EGREP='grep -E'
EXEEXT=''
INSTALL_DATA='${INSTALL} -m 644'
INSTALL_PROGRAM='${INSTALL}'
INSTALL_SCRIPT='${INSTALL}'
INSTALL_STRIP_PROGRAM='${SHELL} $(install_sh) -c -s'
LDFLAGS=''
LIBOBJS=' error$U.o'
LIBS='-lGLU -lGL -lxerces-c  -lglut -lpng -ljpeg'
LTLIBOBJS=' error$U.lo'
MAKEINFO='${SHELL} /home/skonno/src/CyberX3D/config/missing --run makeinfo'
OBJEXT='o'
PACKAGE='cx3d'
PACKAGE_BUGREPORT=''
PACKAGE_NAME=''
PACKAGE_STRING=''
PACKAGE_TARNAME=''
PACKAGE_VERSION=''
PATH_SEPARATOR=':'
RANLIB='ranlib'
SET_MAKE=''
SHELL='/bin/sh'
STRIP=''
VERSION='1.0'
X_CFLAGS=' -I/usr/X11R6/include'
X_EXTRA_LIBS=''
X_LIBS=' -L/usr/X11R6/lib'
X_PRE_LIBS=''
ac_ct_CC='gcc'
ac_ct_CXX='g++'
ac_ct_RANLIB='ranlib'
ac_ct_STRIP=''
am__include='include'
am__quote=''
bindir='${exec_prefix}/bin'
build_alias=''
datadir='${prefix}/share'
exec_prefix='${prefix}'
host_alias=''
includedir='${prefix}/include'
infodir='${prefix}/info'
install_sh='/home/skonno/src/CyberX3D/config/install-sh'
libdir='${exec_prefix}/lib'
libexecdir='${exec_prefix}/libexec'
localstatedir='${prefix}/var'
mandir='${prefix}/man'
oldincludedir='/usr/include'
prefix='/usr/local'
program_transform_name='s,x,x,'
sbindir='${exec_prefix}/sbin'
sharedstatedir='${prefix}/com'
sysconfdir='${prefix}/etc'
target_alias=''

## ----------- ##
## confdefs.h. ##
## ----------- ##

#define HAVE_FLOAT_H 1
#define HAVE_INTTYPES_H 1
#define HAVE_LIBGL 1
#define HAVE_LIBGLU 1
#define HAVE_LIBXERCES_C 1
#define HAVE_MEMORY_H 1
#define HAVE_MEMORY_H 1
#define HAVE_STDDEF_H 1
#define HAVE_STDINT_H 1
#define HAVE_STDLIB_H 1
#define HAVE_STDLIB_H 1
#define HAVE_STRINGS_H 1
#define HAVE_STRING_H 1
#define HAVE_STRING_H 1
#define HAVE_SYS_STAT_H 1
#define HAVE_SYS_TIMEB_H 1
#define HAVE_SYS_TIME_H 1
#define HAVE_SYS_TYPES_H 1
#define HAVE_UNISTD_H 1
#define HAVE_XERCESC_UTIL_XERCESVERSION_HPP 1
#define PACKAGE "cx3d"
#define PACKAGE_BUGREPORT ""
#define PACKAGE_NAME ""
#define PACKAGE_STRING ""
#define PACKAGE_TARNAME ""
#define PACKAGE_VERSION ""
#define STDC_HEADERS 1
#define STDC_HEADERS 1
#define SUPPORT_GLUT 1
#define SUPPORT_JPEG 1
#define SUPPORT_OPENGL 1
#define SUPPORT_PNG 1
#define SUPPORT_X3D 1
#define TIME_WITH_SYS_TIME 1
#define VERSION "1.0"
#endif
#ifdef __cplusplus
#include <stdlib.h>

configure: exit 0

## ---------------------- ##
## Running config.status. ##
## ---------------------- ##

This file was extended by config.status, which was
generated by GNU Autoconf 2.57.  Invocation command line was

  CONFIG_FILES    = 
  CONFIG_HEADERS  = 
  CONFIG_LINKS    = 
  CONFIG_COMMANDS = 
  $ ./config.status config.h

on localhost.localdomain

config.status:772: creating config.h
config.status:913: config.h is unchanged
